[I 2024-04-30 00:07:43,796] Trial 26 finished with value: 0.06642731101794129 and parameters: {'learning_rate': 0.05978621903423819, 'max_depth': 21, 'min_child_weight': 4.04297584157867, 'subsample': 0.7124728227974387, 'colsample_bytree': 0.9159916484278036, 'alpha': 0.018303791304753552, 'lambda': 6.3391038156870065}. Best is trial 21 with value: 0.024686599402188793.
/workdir/train_spike.py:21: FutureWarning: suggest_uniform has been deprecated in v3.0.0. This feature will be removed in v6.0.0. See https://github.com/optuna/optuna/releases/tag/v3.0.0. Use :func:`~optuna.trial.Trial.suggest_float` instead.
  'learning_rate': trial.suggest_uniform('learning_rate', 0.01, 0.1),
/workdir/train_spike.py:23: FutureWarning: suggest_loguniform has been deprecated in v3.0.0. This feature will be removed in v6.0.0. See https://github.com/optuna/optuna/releases/tag/v3.0.0. Use :func:`~optuna.trial.Trial.suggest_float` instead.
  'min_child_weight': trial.suggest_loguniform('min_child_weight', 1e-4, 1e2),
/workdir/train_spike.py:24: FutureWarning: suggest_uniform has been deprecated in v3.0.0. This feature will be removed in v6.0.0. See https://github.com/optuna/optuna/releases/tag/v3.0.0. Use :func:`~optuna.trial.Trial.suggest_float` instead.
  'subsample': trial.suggest_uniform('subsample', 0.5, 1),
/workdir/train_spike.py:25: FutureWarning: suggest_uniform has been deprecated in v3.0.0. This feature will be removed in v6.0.0. See https://github.com/optuna/optuna/releases/tag/v3.0.0. Use :func:`~optuna.trial.Trial.suggest_float` instead.
  'colsample_bytree': trial.suggest_uniform('colsample_bytree', 0.1, 1),
/workdir/train_spike.py:26: FutureWarning: suggest_loguniform has been deprecated in v3.0.0. This feature will be removed in v6.0.0. See https://github.com/optuna/optuna/releases/tag/v3.0.0. Use :func:`~optuna.trial.Trial.suggest_float` instead.
  'alpha': trial.suggest_loguniform('alpha', 1e-4, 1e2),
/workdir/train_spike.py:27: FutureWarning: suggest_loguniform has been deprecated in v3.0.0. This feature will be removed in v6.0.0. See https://github.com/optuna/optuna/releases/tag/v3.0.0. Use :func:`~optuna.trial.Trial.suggest_float` instead.
  'lambda': trial.suggest_loguniform('lambda', 1e-4, 1e2),
[I 2024-04-30 00:07:44,588] Trial 27 finished with value: 0.050169948437063495 and parameters: {'learning_rate': 0.02355476516246309, 'max_depth': 25, 'min_child_weight': 0.0070211582622648925, 'subsample': 0.6062956257143435, 'colsample_bytree': 0.6741160612087135, 'alpha': 0.004464097546987773, 'lambda': 0.3037223778729397}. Best is trial 21 with value: 0.024686599402188793.
/workdir/train_spike.py:21: FutureWarning: suggest_uniform has been deprecated in v3.0.0. This feature will be removed in v6.0.0. See https://github.com/optuna/optuna/releases/tag/v3.0.0. Use :func:`~optuna.trial.Trial.suggest_float` instead.
  'learning_rate': trial.suggest_uniform('learning_rate', 0.01, 0.1),
/workdir/train_spike.py:23: FutureWarning: suggest_loguniform has been deprecated in v3.0.0. This feature will be removed in v6.0.0. See https://github.com/optuna/optuna/releases/tag/v3.0.0. Use :func:`~optuna.trial.Trial.suggest_float` instead.
  'min_child_weight': trial.suggest_loguniform('min_child_weight', 1e-4, 1e2),
/workdir/train_spike.py:24: FutureWarning: suggest_uniform has been deprecated in v3.0.0. This feature will be removed in v6.0.0. See https://github.com/optuna/optuna/releases/tag/v3.0.0. Use :func:`~optuna.trial.Trial.suggest_float` instead.
  'subsample': trial.suggest_uniform('subsample', 0.5, 1),
/workdir/train_spike.py:25: FutureWarning: suggest_uniform has been deprecated in v3.0.0. This feature will be removed in v6.0.0. See https://github.com/optuna/optuna/releases/tag/v3.0.0. Use :func:`~optuna.trial.Trial.suggest_float` instead.
  'colsample_bytree': trial.suggest_uniform('colsample_bytree', 0.1, 1),
/workdir/train_spike.py:26: FutureWarning: suggest_loguniform has been deprecated in v3.0.0. This feature will be removed in v6.0.0. See https://github.com/optuna/optuna/releases/tag/v3.0.0. Use :func:`~optuna.trial.Trial.suggest_float` instead.
  'alpha': trial.suggest_loguniform('alpha', 1e-4, 1e2),
/workdir/train_spike.py:27: FutureWarning: suggest_loguniform has been deprecated in v3.0.0. This feature will be removed in v6.0.0. See https://github.com/optuna/optuna/releases/tag/v3.0.0. Use :func:`~optuna.trial.Trial.suggest_float` instead.
  'lambda': trial.suggest_loguniform('lambda', 1e-4, 1e2),
[I 2024-04-30 00:07:45,749] Trial 28 finished with value: 0.04360997584057116 and parameters: {'learning_rate': 0.0758463656024113, 'max_depth': 17, 'min_child_weight': 1.427920735843267, 'subsample': 0.7850227541013018, 'colsample_bytree': 0.7555494823368694, 'alpha': 0.0009197888014835603, 'lambda': 0.0002742766897220706}. Best is trial 21 with value: 0.024686599402188793.
/workdir/train_spike.py:21: FutureWarning: suggest_uniform has been deprecated in v3.0.0. This feature will be removed in v6.0.0. See https://github.com/optuna/optuna/releases/tag/v3.0.0. Use :func:`~optuna.trial.Trial.suggest_float` instead.
  'learning_rate': trial.suggest_uniform('learning_rate', 0.01, 0.1),
/workdir/train_spike.py:23: FutureWarning: suggest_loguniform has been deprecated in v3.0.0. This feature will be removed in v6.0.0. See https://github.com/optuna/optuna/releases/tag/v3.0.0. Use :func:`~optuna.trial.Trial.suggest_float` instead.
  'min_child_weight': trial.suggest_loguniform('min_child_weight', 1e-4, 1e2),
/workdir/train_spike.py:24: FutureWarning: suggest_uniform has been deprecated in v3.0.0. This feature will be removed in v6.0.0. See https://github.com/optuna/optuna/releases/tag/v3.0.0. Use :func:`~optuna.trial.Trial.suggest_float` instead.
  'subsample': trial.suggest_uniform('subsample', 0.5, 1),
/workdir/train_spike.py:25: FutureWarning: suggest_uniform has been deprecated in v3.0.0. This feature will be removed in v6.0.0. See https://github.com/optuna/optuna/releases/tag/v3.0.0. Use :func:`~optuna.trial.Trial.suggest_float` instead.
  'colsample_bytree': trial.suggest_uniform('colsample_bytree', 0.1, 1),
/workdir/train_spike.py:26: FutureWarning: suggest_loguniform has been deprecated in v3.0.0. This feature will be removed in v6.0.0. See https://github.com/optuna/optuna/releases/tag/v3.0.0. Use :func:`~optuna.trial.Trial.suggest_float` instead.
  'alpha': trial.suggest_loguniform('alpha', 1e-4, 1e2),
/workdir/train_spike.py:27: FutureWarning: suggest_loguniform has been deprecated in v3.0.0. This feature will be removed in v6.0.0. See https://github.com/optuna/optuna/releases/tag/v3.0.0. Use :func:`~optuna.trial.Trial.suggest_float` instead.
  'lambda': trial.suggest_loguniform('lambda', 1e-4, 1e2),
[I 2024-04-30 00:07:47,134] Trial 29 finished with value: 0.04200325798168415 and parameters: {'learning_rate': 0.04403839978848161, 'max_depth': 18, 'min_child_weight': 0.5828872752965277, 'subsample': 0.7383799302507129, 'colsample_bytree': 0.8849901473736036, 'alpha': 0.08888354007300682, 'lambda': 0.0006294136555997254}. Best is trial 21 with value: 0.024686599402188793.
/workdir/train_spike.py:21: FutureWarning: suggest_uniform has been deprecated in v3.0.0. This feature will be removed in v6.0.0. See https://github.com/optuna/optuna/releases/tag/v3.0.0. Use :func:`~optuna.trial.Trial.suggest_float` instead.
  'learning_rate': trial.suggest_uniform('learning_rate', 0.01, 0.1),
/workdir/train_spike.py:23: FutureWarning: suggest_loguniform has been deprecated in v3.0.0. This feature will be removed in v6.0.0. See https://github.com/optuna/optuna/releases/tag/v3.0.0. Use :func:`~optuna.trial.Trial.suggest_float` instead.
  'min_child_weight': trial.suggest_loguniform('min_child_weight', 1e-4, 1e2),
/workdir/train_spike.py:24: FutureWarning: suggest_uniform has been deprecated in v3.0.0. This feature will be removed in v6.0.0. See https://github.com/optuna/optuna/releases/tag/v3.0.0. Use :func:`~optuna.trial.Trial.suggest_float` instead.
  'subsample': trial.suggest_uniform('subsample', 0.5, 1),
/workdir/train_spike.py:25: FutureWarning: suggest_uniform has been deprecated in v3.0.0. This feature will be removed in v6.0.0. See https://github.com/optuna/optuna/releases/tag/v3.0.0. Use :func:`~optuna.trial.Trial.suggest_float` instead.
  'colsample_bytree': trial.suggest_uniform('colsample_bytree', 0.1, 1),
/workdir/train_spike.py:26: FutureWarning: suggest_loguniform has been deprecated in v3.0.0. This feature will be removed in v6.0.0. See https://github.com/optuna/optuna/releases/tag/v3.0.0. Use :func:`~optuna.trial.Trial.suggest_float` instead.
  'alpha': trial.suggest_loguniform('alpha', 1e-4, 1e2),
/workdir/train_spike.py:27: FutureWarning: suggest_loguniform has been deprecated in v3.0.0. This feature will be removed in v6.0.0. See https://github.com/optuna/optuna/releases/tag/v3.0.0. Use :func:`~optuna.trial.Trial.suggest_float` instead.
  'lambda': trial.suggest_loguniform('lambda', 1e-4, 1e2),
[I 2024-04-30 00:07:47,615] Trial 30 finished with value: 0.05425292301839971 and parameters: {'learning_rate': 0.06434192480988421, 'max_depth': 28, 'min_child_weight': 29.381736261940603, 'subsample': 0.853575414846218, 'colsample_bytree': 0.5346426166123326, 'alpha': 0.24834656478258013, 'lambda': 0.02100640009987818}. Best is trial 21 with value: 0.024686599402188793.
/workdir/train_spike.py:21: FutureWarning: suggest_uniform has been deprecated in v3.0.0. This feature will be removed in v6.0.0. See https://github.com/optuna/optuna/releases/tag/v3.0.0. Use :func:`~optuna.trial.Trial.suggest_float` instead.
  'learning_rate': trial.suggest_uniform('learning_rate', 0.01, 0.1),
/workdir/train_spike.py:23: FutureWarning: suggest_loguniform has been deprecated in v3.0.0. This feature will be removed in v6.0.0. See https://github.com/optuna/optuna/releases/tag/v3.0.0. Use :func:`~optuna.trial.Trial.suggest_float` instead.
  'min_child_weight': trial.suggest_loguniform('min_child_weight', 1e-4, 1e2),
/workdir/train_spike.py:24: FutureWarning: suggest_uniform has been deprecated in v3.0.0. This feature will be removed in v6.0.0. See https://github.com/optuna/optuna/releases/tag/v3.0.0. Use :func:`~optuna.trial.Trial.suggest_float` instead.
  'subsample': trial.suggest_uniform('subsample', 0.5, 1),
/workdir/train_spike.py:25: FutureWarning: suggest_uniform has been deprecated in v3.0.0. This feature will be removed in v6.0.0. See https://github.com/optuna/optuna/releases/tag/v3.0.0. Use :func:`~optuna.trial.Trial.suggest_float` instead.
  'colsample_bytree': trial.suggest_uniform('colsample_bytree', 0.1, 1),
/workdir/train_spike.py:26: FutureWarning: suggest_loguniform has been deprecated in v3.0.0. This feature will be removed in v6.0.0. See https://github.com/optuna/optuna/releases/tag/v3.0.0. Use :func:`~optuna.trial.Trial.suggest_float` instead.
  'alpha': trial.suggest_loguniform('alpha', 1e-4, 1e2),
/workdir/train_spike.py:27: FutureWarning: suggest_loguniform has been deprecated in v3.0.0. This feature will be removed in v6.0.0. See https://github.com/optuna/optuna/releases/tag/v3.0.0. Use :func:`~optuna.trial.Trial.suggest_float` instead.
  'lambda': trial.suggest_loguniform('lambda', 1e-4, 1e2),
[I 2024-04-30 00:07:48,034] Trial 31 finished with value: 0.05066702063142499 and parameters: {'learning_rate': 0.05817790761325013, 'max_depth': 25, 'min_child_weight': 35.57250833594254, 'subsample': 0.5379553413149014, 'colsample_bytree': 0.8126653515795489, 'alpha': 7.742356191510692, 'lambda': 0.00014839810192511535}. Best is trial 21 with value: 0.024686599402188793.
/workdir/train_spike.py:21: FutureWarning: suggest_uniform has been deprecated in v3.0.0. This feature will be removed in v6.0.0. See https://github.com/optuna/optuna/releases/tag/v3.0.0. Use :func:`~optuna.trial.Trial.suggest_float` instead.
  'learning_rate': trial.suggest_uniform('learning_rate', 0.01, 0.1),
/workdir/train_spike.py:23: FutureWarning: suggest_loguniform has been deprecated in v3.0.0. This feature will be removed in v6.0.0. See https://github.com/optuna/optuna/releases/tag/v3.0.0. Use :func:`~optuna.trial.Trial.suggest_float` instead.
  'min_child_weight': trial.suggest_loguniform('min_child_weight', 1e-4, 1e2),
/workdir/train_spike.py:24: FutureWarning: suggest_uniform has been deprecated in v3.0.0. This feature will be removed in v6.0.0. See https://github.com/optuna/optuna/releases/tag/v3.0.0. Use :func:`~optuna.trial.Trial.suggest_float` instead.
  'subsample': trial.suggest_uniform('subsample', 0.5, 1),
/workdir/train_spike.py:25: FutureWarning: suggest_uniform has been deprecated in v3.0.0. This feature will be removed in v6.0.0. See https://github.com/optuna/optuna/releases/tag/v3.0.0. Use :func:`~optuna.trial.Trial.suggest_float` instead.
  'colsample_bytree': trial.suggest_uniform('colsample_bytree', 0.1, 1),
/workdir/train_spike.py:26: FutureWarning: suggest_loguniform has been deprecated in v3.0.0. This feature will be removed in v6.0.0. See https://github.com/optuna/optuna/releases/tag/v3.0.0. Use :func:`~optuna.trial.Trial.suggest_float` instead.
  'alpha': trial.suggest_loguniform('alpha', 1e-4, 1e2),
/workdir/train_spike.py:27: FutureWarning: suggest_loguniform has been deprecated in v3.0.0. This feature will be removed in v6.0.0. See https://github.com/optuna/optuna/releases/tag/v3.0.0. Use :func:`~optuna.trial.Trial.suggest_float` instead.
  'lambda': trial.suggest_loguniform('lambda', 1e-4, 1e2),
[I 2024-04-30 00:07:48,673] Trial 32 finished with value: 0.053077216692258775 and parameters: {'learning_rate': 0.09049592407768135, 'max_depth': 28, 'min_child_weight': 5.471565508491672, 'subsample': 0.571372694162746, 'colsample_bytree': 0.8667578993939027, 'alpha': 0.7931138357951998, 'lambda': 0.00010048214490447015}. Best is trial 21 with value: 0.024686599402188793.
/workdir/train_spike.py:21: FutureWarning: suggest_uniform has been deprecated in v3.0.0. This feature will be removed in v6.0.0. See https://github.com/optuna/optuna/releases/tag/v3.0.0. Use :func:`~optuna.trial.Trial.suggest_float` instead.
  'learning_rate': trial.suggest_uniform('learning_rate', 0.01, 0.1),
/workdir/train_spike.py:23: FutureWarning: suggest_loguniform has been deprecated in v3.0.0. This feature will be removed in v6.0.0. See https://github.com/optuna/optuna/releases/tag/v3.0.0. Use :func:`~optuna.trial.Trial.suggest_float` instead.
  'min_child_weight': trial.suggest_loguniform('min_child_weight', 1e-4, 1e2),
/workdir/train_spike.py:24: FutureWarning: suggest_uniform has been deprecated in v3.0.0. This feature will be removed in v6.0.0. See https://github.com/optuna/optuna/releases/tag/v3.0.0. Use :func:`~optuna.trial.Trial.suggest_float` instead.
  'subsample': trial.suggest_uniform('subsample', 0.5, 1),
/workdir/train_spike.py:25: FutureWarning: suggest_uniform has been deprecated in v3.0.0. This feature will be removed in v6.0.0. See https://github.com/optuna/optuna/releases/tag/v3.0.0. Use :func:`~optuna.trial.Trial.suggest_float` instead.
  'colsample_bytree': trial.suggest_uniform('colsample_bytree', 0.1, 1),
/workdir/train_spike.py:26: FutureWarning: suggest_loguniform has been deprecated in v3.0.0. This feature will be removed in v6.0.0. See https://github.com/optuna/optuna/releases/tag/v3.0.0. Use :func:`~optuna.trial.Trial.suggest_float` instead.
  'alpha': trial.suggest_loguniform('alpha', 1e-4, 1e2),
/workdir/train_spike.py:27: FutureWarning: suggest_loguniform has been deprecated in v3.0.0. This feature will be removed in v6.0.0. See https://github.com/optuna/optuna/releases/tag/v3.0.0. Use :func:`~optuna.trial.Trial.suggest_float` instead.
  'lambda': trial.suggest_loguniform('lambda', 1e-4, 1e2),
[I 2024-04-30 00:07:49,285] Trial 33 finished with value: 0.04137812262403822 and parameters: {'learning_rate': 0.03314837583762662, 'max_depth': 30, 'min_child_weight': 19.754291991043374, 'subsample': 0.5379705906182648, 'colsample_bytree': 0.6519703262403926, 'alpha': 1.7095022682409187, 'lambda': 0.00028071946728082343}. Best is trial 21 with value: 0.024686599402188793.
/workdir/train_spike.py:21: FutureWarning: suggest_uniform has been deprecated in v3.0.0. This feature will be removed in v6.0.0. See https://github.com/optuna/optuna/releases/tag/v3.0.0. Use :func:`~optuna.trial.Trial.suggest_float` instead.
  'learning_rate': trial.suggest_uniform('learning_rate', 0.01, 0.1),
/workdir/train_spike.py:23: FutureWarning: suggest_loguniform has been deprecated in v3.0.0. This feature will be removed in v6.0.0. See https://github.com/optuna/optuna/releases/tag/v3.0.0. Use :func:`~optuna.trial.Trial.suggest_float` instead.
  'min_child_weight': trial.suggest_loguniform('min_child_weight', 1e-4, 1e2),
/workdir/train_spike.py:24: FutureWarning: suggest_uniform has been deprecated in v3.0.0. This feature will be removed in v6.0.0. See https://github.com/optuna/optuna/releases/tag/v3.0.0. Use :func:`~optuna.trial.Trial.suggest_float` instead.
  'subsample': trial.suggest_uniform('subsample', 0.5, 1),
/workdir/train_spike.py:25: FutureWarning: suggest_uniform has been deprecated in v3.0.0. This feature will be removed in v6.0.0. See https://github.com/optuna/optuna/releases/tag/v3.0.0. Use :func:`~optuna.trial.Trial.suggest_float` instead.
  'colsample_bytree': trial.suggest_uniform('colsample_bytree', 0.1, 1),
/workdir/train_spike.py:26: FutureWarning: suggest_loguniform has been deprecated in v3.0.0. This feature will be removed in v6.0.0. See https://github.com/optuna/optuna/releases/tag/v3.0.0. Use :func:`~optuna.trial.Trial.suggest_float` instead.
  'alpha': trial.suggest_loguniform('alpha', 1e-4, 1e2),
/workdir/train_spike.py:27: FutureWarning: suggest_loguniform has been deprecated in v3.0.0. This feature will be removed in v6.0.0. See https://github.com/optuna/optuna/releases/tag/v3.0.0. Use :func:`~optuna.trial.Trial.suggest_float` instead.
  'lambda': trial.suggest_loguniform('lambda', 1e-4, 1e2),
[I 2024-04-30 00:07:49,894] Trial 34 finished with value: 0.04423598888962339 and parameters: {'learning_rate': 0.052274601357537524, 'max_depth': 19, 'min_child_weight': 5.586449354621818, 'subsample': 0.6578585045540438, 'colsample_bytree': 0.9304087141773236, 'alpha': 5.201604133989155, 'lambda': 0.0021921505627306623}. Best is trial 21 with value: 0.024686599402188793.
/workdir/train_spike.py:21: FutureWarning: suggest_uniform has been deprecated in v3.0.0. This feature will be removed in v6.0.0. See https://github.com/optuna/optuna/releases/tag/v3.0.0. Use :func:`~optuna.trial.Trial.suggest_float` instead.
  'learning_rate': trial.suggest_uniform('learning_rate', 0.01, 0.1),
/workdir/train_spike.py:23: FutureWarning: suggest_loguniform has been deprecated in v3.0.0. This feature will be removed in v6.0.0. See https://github.com/optuna/optuna/releases/tag/v3.0.0. Use :func:`~optuna.trial.Trial.suggest_float` instead.
  'min_child_weight': trial.suggest_loguniform('min_child_weight', 1e-4, 1e2),
/workdir/train_spike.py:24: FutureWarning: suggest_uniform has been deprecated in v3.0.0. This feature will be removed in v6.0.0. See https://github.com/optuna/optuna/releases/tag/v3.0.0. Use :func:`~optuna.trial.Trial.suggest_float` instead.
  'subsample': trial.suggest_uniform('subsample', 0.5, 1),
/workdir/train_spike.py:25: FutureWarning: suggest_uniform has been deprecated in v3.0.0. This feature will be removed in v6.0.0. See https://github.com/optuna/optuna/releases/tag/v3.0.0. Use :func:`~optuna.trial.Trial.suggest_float` instead.
  'colsample_bytree': trial.suggest_uniform('colsample_bytree', 0.1, 1),
/workdir/train_spike.py:26: FutureWarning: suggest_loguniform has been deprecated in v3.0.0. This feature will be removed in v6.0.0. See https://github.com/optuna/optuna/releases/tag/v3.0.0. Use :func:`~optuna.trial.Trial.suggest_float` instead.
  'alpha': trial.suggest_loguniform('alpha', 1e-4, 1e2),
/workdir/train_spike.py:27: FutureWarning: suggest_loguniform has been deprecated in v3.0.0. This feature will be removed in v6.0.0. See https://github.com/optuna/optuna/releases/tag/v3.0.0. Use :func:`~optuna.trial.Trial.suggest_float` instead.
  'lambda': trial.suggest_loguniform('lambda', 1e-4, 1e2),
