[I 2024-04-30 00:08:06,553] Trial 53 finished with value: 0.0552008749883961 and parameters: {'learning_rate': 0.06869038156964505, 'max_depth': 29, 'min_child_weight': 0.5726309651132201, 'subsample': 0.5544721159262017, 'colsample_bytree': 0.6400249901441746, 'alpha': 0.24925410208915497, 'lambda': 0.053412968239450895}. Best is trial 21 with value: 0.024686599402188793.
/workdir/train_spike.py:21: FutureWarning: suggest_uniform has been deprecated in v3.0.0. This feature will be removed in v6.0.0. See https://github.com/optuna/optuna/releases/tag/v3.0.0. Use :func:`~optuna.trial.Trial.suggest_float` instead.
  'learning_rate': trial.suggest_uniform('learning_rate', 0.01, 0.1),
/workdir/train_spike.py:23: FutureWarning: suggest_loguniform has been deprecated in v3.0.0. This feature will be removed in v6.0.0. See https://github.com/optuna/optuna/releases/tag/v3.0.0. Use :func:`~optuna.trial.Trial.suggest_float` instead.
  'min_child_weight': trial.suggest_loguniform('min_child_weight', 1e-4, 1e2),
/workdir/train_spike.py:24: FutureWarning: suggest_uniform has been deprecated in v3.0.0. This feature will be removed in v6.0.0. See https://github.com/optuna/optuna/releases/tag/v3.0.0. Use :func:`~optuna.trial.Trial.suggest_float` instead.
  'subsample': trial.suggest_uniform('subsample', 0.5, 1),
/workdir/train_spike.py:25: FutureWarning: suggest_uniform has been deprecated in v3.0.0. This feature will be removed in v6.0.0. See https://github.com/optuna/optuna/releases/tag/v3.0.0. Use :func:`~optuna.trial.Trial.suggest_float` instead.
  'colsample_bytree': trial.suggest_uniform('colsample_bytree', 0.1, 1),
/workdir/train_spike.py:26: FutureWarning: suggest_loguniform has been deprecated in v3.0.0. This feature will be removed in v6.0.0. See https://github.com/optuna/optuna/releases/tag/v3.0.0. Use :func:`~optuna.trial.Trial.suggest_float` instead.
  'alpha': trial.suggest_loguniform('alpha', 1e-4, 1e2),
/workdir/train_spike.py:27: FutureWarning: suggest_loguniform has been deprecated in v3.0.0. This feature will be removed in v6.0.0. See https://github.com/optuna/optuna/releases/tag/v3.0.0. Use :func:`~optuna.trial.Trial.suggest_float` instead.
  'lambda': trial.suggest_loguniform('lambda', 1e-4, 1e2),
[I 2024-04-30 00:08:06,990] Trial 54 finished with value: 0.043736915719406605 and parameters: {'learning_rate': 0.07296434610354317, 'max_depth': 27, 'min_child_weight': 19.426157380961904, 'subsample': 0.5336974161583734, 'colsample_bytree': 0.8389324087848895, 'alpha': 0.056782820504680045, 'lambda': 0.15694477516541264}. Best is trial 21 with value: 0.024686599402188793.
/workdir/train_spike.py:21: FutureWarning: suggest_uniform has been deprecated in v3.0.0. This feature will be removed in v6.0.0. See https://github.com/optuna/optuna/releases/tag/v3.0.0. Use :func:`~optuna.trial.Trial.suggest_float` instead.
  'learning_rate': trial.suggest_uniform('learning_rate', 0.01, 0.1),
/workdir/train_spike.py:23: FutureWarning: suggest_loguniform has been deprecated in v3.0.0. This feature will be removed in v6.0.0. See https://github.com/optuna/optuna/releases/tag/v3.0.0. Use :func:`~optuna.trial.Trial.suggest_float` instead.
  'min_child_weight': trial.suggest_loguniform('min_child_weight', 1e-4, 1e2),
/workdir/train_spike.py:24: FutureWarning: suggest_uniform has been deprecated in v3.0.0. This feature will be removed in v6.0.0. See https://github.com/optuna/optuna/releases/tag/v3.0.0. Use :func:`~optuna.trial.Trial.suggest_float` instead.
  'subsample': trial.suggest_uniform('subsample', 0.5, 1),
/workdir/train_spike.py:25: FutureWarning: suggest_uniform has been deprecated in v3.0.0. This feature will be removed in v6.0.0. See https://github.com/optuna/optuna/releases/tag/v3.0.0. Use :func:`~optuna.trial.Trial.suggest_float` instead.
  'colsample_bytree': trial.suggest_uniform('colsample_bytree', 0.1, 1),
/workdir/train_spike.py:26: FutureWarning: suggest_loguniform has been deprecated in v3.0.0. This feature will be removed in v6.0.0. See https://github.com/optuna/optuna/releases/tag/v3.0.0. Use :func:`~optuna.trial.Trial.suggest_float` instead.
  'alpha': trial.suggest_loguniform('alpha', 1e-4, 1e2),
/workdir/train_spike.py:27: FutureWarning: suggest_loguniform has been deprecated in v3.0.0. This feature will be removed in v6.0.0. See https://github.com/optuna/optuna/releases/tag/v3.0.0. Use :func:`~optuna.trial.Trial.suggest_float` instead.
  'lambda': trial.suggest_loguniform('lambda', 1e-4, 1e2),
[I 2024-04-30 00:08:07,657] Trial 55 finished with value: 0.05773156328340215 and parameters: {'learning_rate': 0.06644851362082581, 'max_depth': 30, 'min_child_weight': 3.709922081590847, 'subsample': 0.5804682505826689, 'colsample_bytree': 0.789017033241262, 'alpha': 2.9166253745093855, 'lambda': 0.028611745748590465}. Best is trial 21 with value: 0.024686599402188793.
/workdir/train_spike.py:21: FutureWarning: suggest_uniform has been deprecated in v3.0.0. This feature will be removed in v6.0.0. See https://github.com/optuna/optuna/releases/tag/v3.0.0. Use :func:`~optuna.trial.Trial.suggest_float` instead.
  'learning_rate': trial.suggest_uniform('learning_rate', 0.01, 0.1),
/workdir/train_spike.py:23: FutureWarning: suggest_loguniform has been deprecated in v3.0.0. This feature will be removed in v6.0.0. See https://github.com/optuna/optuna/releases/tag/v3.0.0. Use :func:`~optuna.trial.Trial.suggest_float` instead.
  'min_child_weight': trial.suggest_loguniform('min_child_weight', 1e-4, 1e2),
/workdir/train_spike.py:24: FutureWarning: suggest_uniform has been deprecated in v3.0.0. This feature will be removed in v6.0.0. See https://github.com/optuna/optuna/releases/tag/v3.0.0. Use :func:`~optuna.trial.Trial.suggest_float` instead.
  'subsample': trial.suggest_uniform('subsample', 0.5, 1),
/workdir/train_spike.py:25: FutureWarning: suggest_uniform has been deprecated in v3.0.0. This feature will be removed in v6.0.0. See https://github.com/optuna/optuna/releases/tag/v3.0.0. Use :func:`~optuna.trial.Trial.suggest_float` instead.
  'colsample_bytree': trial.suggest_uniform('colsample_bytree', 0.1, 1),
/workdir/train_spike.py:26: FutureWarning: suggest_loguniform has been deprecated in v3.0.0. This feature will be removed in v6.0.0. See https://github.com/optuna/optuna/releases/tag/v3.0.0. Use :func:`~optuna.trial.Trial.suggest_float` instead.
  'alpha': trial.suggest_loguniform('alpha', 1e-4, 1e2),
/workdir/train_spike.py:27: FutureWarning: suggest_loguniform has been deprecated in v3.0.0. This feature will be removed in v6.0.0. See https://github.com/optuna/optuna/releases/tag/v3.0.0. Use :func:`~optuna.trial.Trial.suggest_float` instead.
  'lambda': trial.suggest_loguniform('lambda', 1e-4, 1e2),
[I 2024-04-30 00:08:08,519] Trial 56 finished with value: 0.053877871812888736 and parameters: {'learning_rate': 0.07917253799798718, 'max_depth': 29, 'min_child_weight': 0.030768259520979842, 'subsample': 0.5528313171081365, 'colsample_bytree': 0.7208881539154983, 'alpha': 0.11727804062233739, 'lambda': 0.09625027694302543}. Best is trial 21 with value: 0.024686599402188793.
/workdir/train_spike.py:21: FutureWarning: suggest_uniform has been deprecated in v3.0.0. This feature will be removed in v6.0.0. See https://github.com/optuna/optuna/releases/tag/v3.0.0. Use :func:`~optuna.trial.Trial.suggest_float` instead.
  'learning_rate': trial.suggest_uniform('learning_rate', 0.01, 0.1),
/workdir/train_spike.py:23: FutureWarning: suggest_loguniform has been deprecated in v3.0.0. This feature will be removed in v6.0.0. See https://github.com/optuna/optuna/releases/tag/v3.0.0. Use :func:`~optuna.trial.Trial.suggest_float` instead.
  'min_child_weight': trial.suggest_loguniform('min_child_weight', 1e-4, 1e2),
/workdir/train_spike.py:24: FutureWarning: suggest_uniform has been deprecated in v3.0.0. This feature will be removed in v6.0.0. See https://github.com/optuna/optuna/releases/tag/v3.0.0. Use :func:`~optuna.trial.Trial.suggest_float` instead.
  'subsample': trial.suggest_uniform('subsample', 0.5, 1),
/workdir/train_spike.py:25: FutureWarning: suggest_uniform has been deprecated in v3.0.0. This feature will be removed in v6.0.0. See https://github.com/optuna/optuna/releases/tag/v3.0.0. Use :func:`~optuna.trial.Trial.suggest_float` instead.
  'colsample_bytree': trial.suggest_uniform('colsample_bytree', 0.1, 1),
/workdir/train_spike.py:26: FutureWarning: suggest_loguniform has been deprecated in v3.0.0. This feature will be removed in v6.0.0. See https://github.com/optuna/optuna/releases/tag/v3.0.0. Use :func:`~optuna.trial.Trial.suggest_float` instead.
  'alpha': trial.suggest_loguniform('alpha', 1e-4, 1e2),
/workdir/train_spike.py:27: FutureWarning: suggest_loguniform has been deprecated in v3.0.0. This feature will be removed in v6.0.0. See https://github.com/optuna/optuna/releases/tag/v3.0.0. Use :func:`~optuna.trial.Trial.suggest_float` instead.
  'lambda': trial.suggest_loguniform('lambda', 1e-4, 1e2),
[I 2024-04-30 00:08:09,293] Trial 57 finished with value: 0.04654758203424 and parameters: {'learning_rate': 0.05974337329445682, 'max_depth': 25, 'min_child_weight': 0.96194081152332, 'subsample': 0.6003238140833644, 'colsample_bytree': 0.8725291929992353, 'alpha': 0.4501272823287373, 'lambda': 0.20906653235474063}. Best is trial 21 with value: 0.024686599402188793.
/workdir/train_spike.py:21: FutureWarning: suggest_uniform has been deprecated in v3.0.0. This feature will be removed in v6.0.0. See https://github.com/optuna/optuna/releases/tag/v3.0.0. Use :func:`~optuna.trial.Trial.suggest_float` instead.
  'learning_rate': trial.suggest_uniform('learning_rate', 0.01, 0.1),
/workdir/train_spike.py:23: FutureWarning: suggest_loguniform has been deprecated in v3.0.0. This feature will be removed in v6.0.0. See https://github.com/optuna/optuna/releases/tag/v3.0.0. Use :func:`~optuna.trial.Trial.suggest_float` instead.
  'min_child_weight': trial.suggest_loguniform('min_child_weight', 1e-4, 1e2),
/workdir/train_spike.py:24: FutureWarning: suggest_uniform has been deprecated in v3.0.0. This feature will be removed in v6.0.0. See https://github.com/optuna/optuna/releases/tag/v3.0.0. Use :func:`~optuna.trial.Trial.suggest_float` instead.
  'subsample': trial.suggest_uniform('subsample', 0.5, 1),
/workdir/train_spike.py:25: FutureWarning: suggest_uniform has been deprecated in v3.0.0. This feature will be removed in v6.0.0. See https://github.com/optuna/optuna/releases/tag/v3.0.0. Use :func:`~optuna.trial.Trial.suggest_float` instead.
  'colsample_bytree': trial.suggest_uniform('colsample_bytree', 0.1, 1),
/workdir/train_spike.py:26: FutureWarning: suggest_loguniform has been deprecated in v3.0.0. This feature will be removed in v6.0.0. See https://github.com/optuna/optuna/releases/tag/v3.0.0. Use :func:`~optuna.trial.Trial.suggest_float` instead.
  'alpha': trial.suggest_loguniform('alpha', 1e-4, 1e2),
/workdir/train_spike.py:27: FutureWarning: suggest_loguniform has been deprecated in v3.0.0. This feature will be removed in v6.0.0. See https://github.com/optuna/optuna/releases/tag/v3.0.0. Use :func:`~optuna.trial.Trial.suggest_float` instead.
  'lambda': trial.suggest_loguniform('lambda', 1e-4, 1e2),
[I 2024-04-30 00:08:09,948] Trial 58 finished with value: 0.029051783201663163 and parameters: {'learning_rate': 0.06215951046773337, 'max_depth': 27, 'min_child_weight': 5.874849802733106, 'subsample': 0.5660795715937533, 'colsample_bytree': 0.670768576102847, 'alpha': 0.20826190904916483, 'lambda': 0.008790966526390097}. Best is trial 21 with value: 0.024686599402188793.
/workdir/train_spike.py:21: FutureWarning: suggest_uniform has been deprecated in v3.0.0. This feature will be removed in v6.0.0. See https://github.com/optuna/optuna/releases/tag/v3.0.0. Use :func:`~optuna.trial.Trial.suggest_float` instead.
  'learning_rate': trial.suggest_uniform('learning_rate', 0.01, 0.1),
/workdir/train_spike.py:23: FutureWarning: suggest_loguniform has been deprecated in v3.0.0. This feature will be removed in v6.0.0. See https://github.com/optuna/optuna/releases/tag/v3.0.0. Use :func:`~optuna.trial.Trial.suggest_float` instead.
  'min_child_weight': trial.suggest_loguniform('min_child_weight', 1e-4, 1e2),
/workdir/train_spike.py:24: FutureWarning: suggest_uniform has been deprecated in v3.0.0. This feature will be removed in v6.0.0. See https://github.com/optuna/optuna/releases/tag/v3.0.0. Use :func:`~optuna.trial.Trial.suggest_float` instead.
  'subsample': trial.suggest_uniform('subsample', 0.5, 1),
/workdir/train_spike.py:25: FutureWarning: suggest_uniform has been deprecated in v3.0.0. This feature will be removed in v6.0.0. See https://github.com/optuna/optuna/releases/tag/v3.0.0. Use :func:`~optuna.trial.Trial.suggest_float` instead.
  'colsample_bytree': trial.suggest_uniform('colsample_bytree', 0.1, 1),
/workdir/train_spike.py:26: FutureWarning: suggest_loguniform has been deprecated in v3.0.0. This feature will be removed in v6.0.0. See https://github.com/optuna/optuna/releases/tag/v3.0.0. Use :func:`~optuna.trial.Trial.suggest_float` instead.
  'alpha': trial.suggest_loguniform('alpha', 1e-4, 1e2),
/workdir/train_spike.py:27: FutureWarning: suggest_loguniform has been deprecated in v3.0.0. This feature will be removed in v6.0.0. See https://github.com/optuna/optuna/releases/tag/v3.0.0. Use :func:`~optuna.trial.Trial.suggest_float` instead.
  'lambda': trial.suggest_loguniform('lambda', 1e-4, 1e2),
[I 2024-04-30 00:08:10,359] Trial 59 finished with value: 0.04603122159581341 and parameters: {'learning_rate': 0.05603060344440313, 'max_depth': 27, 'min_child_weight': 36.04395974277499, 'subsample': 0.6198170866542907, 'colsample_bytree': 0.6803295855068522, 'alpha': 1.26090270154411, 'lambda': 0.01927595405724808}. Best is trial 21 with value: 0.024686599402188793.
/workdir/train_spike.py:21: FutureWarning: suggest_uniform has been deprecated in v3.0.0. This feature will be removed in v6.0.0. See https://github.com/optuna/optuna/releases/tag/v3.0.0. Use :func:`~optuna.trial.Trial.suggest_float` instead.
  'learning_rate': trial.suggest_uniform('learning_rate', 0.01, 0.1),
/workdir/train_spike.py:23: FutureWarning: suggest_loguniform has been deprecated in v3.0.0. This feature will be removed in v6.0.0. See https://github.com/optuna/optuna/releases/tag/v3.0.0. Use :func:`~optuna.trial.Trial.suggest_float` instead.
  'min_child_weight': trial.suggest_loguniform('min_child_weight', 1e-4, 1e2),
/workdir/train_spike.py:24: FutureWarning: suggest_uniform has been deprecated in v3.0.0. This feature will be removed in v6.0.0. See https://github.com/optuna/optuna/releases/tag/v3.0.0. Use :func:`~optuna.trial.Trial.suggest_float` instead.
  'subsample': trial.suggest_uniform('subsample', 0.5, 1),
/workdir/train_spike.py:25: FutureWarning: suggest_uniform has been deprecated in v3.0.0. This feature will be removed in v6.0.0. See https://github.com/optuna/optuna/releases/tag/v3.0.0. Use :func:`~optuna.trial.Trial.suggest_float` instead.
  'colsample_bytree': trial.suggest_uniform('colsample_bytree', 0.1, 1),
/workdir/train_spike.py:26: FutureWarning: suggest_loguniform has been deprecated in v3.0.0. This feature will be removed in v6.0.0. See https://github.com/optuna/optuna/releases/tag/v3.0.0. Use :func:`~optuna.trial.Trial.suggest_float` instead.
  'alpha': trial.suggest_loguniform('alpha', 1e-4, 1e2),
/workdir/train_spike.py:27: FutureWarning: suggest_loguniform has been deprecated in v3.0.0. This feature will be removed in v6.0.0. See https://github.com/optuna/optuna/releases/tag/v3.0.0. Use :func:`~optuna.trial.Trial.suggest_float` instead.
  'lambda': trial.suggest_loguniform('lambda', 1e-4, 1e2),
[I 2024-04-30 00:08:10,909] Trial 60 finished with value: 0.06306720155863521 and parameters: {'learning_rate': 0.06224674551546722, 'max_depth': 26, 'min_child_weight': 5.646194800208627, 'subsample': 0.5156573206116521, 'colsample_bytree': 0.7520770606880304, 'alpha': 0.0012957662555260578, 'lambda': 0.3133529796073512}. Best is trial 21 with value: 0.024686599402188793.
/workdir/train_spike.py:21: FutureWarning: suggest_uniform has been deprecated in v3.0.0. This feature will be removed in v6.0.0. See https://github.com/optuna/optuna/releases/tag/v3.0.0. Use :func:`~optuna.trial.Trial.suggest_float` instead.
  'learning_rate': trial.suggest_uniform('learning_rate', 0.01, 0.1),
/workdir/train_spike.py:23: FutureWarning: suggest_loguniform has been deprecated in v3.0.0. This feature will be removed in v6.0.0. See https://github.com/optuna/optuna/releases/tag/v3.0.0. Use :func:`~optuna.trial.Trial.suggest_float` instead.
  'min_child_weight': trial.suggest_loguniform('min_child_weight', 1e-4, 1e2),
/workdir/train_spike.py:24: FutureWarning: suggest_uniform has been deprecated in v3.0.0. This feature will be removed in v6.0.0. See https://github.com/optuna/optuna/releases/tag/v3.0.0. Use :func:`~optuna.trial.Trial.suggest_float` instead.
  'subsample': trial.suggest_uniform('subsample', 0.5, 1),
/workdir/train_spike.py:25: FutureWarning: suggest_uniform has been deprecated in v3.0.0. This feature will be removed in v6.0.0. See https://github.com/optuna/optuna/releases/tag/v3.0.0. Use :func:`~optuna.trial.Trial.suggest_float` instead.
  'colsample_bytree': trial.suggest_uniform('colsample_bytree', 0.1, 1),
/workdir/train_spike.py:26: FutureWarning: suggest_loguniform has been deprecated in v3.0.0. This feature will be removed in v6.0.0. See https://github.com/optuna/optuna/releases/tag/v3.0.0. Use :func:`~optuna.trial.Trial.suggest_float` instead.
  'alpha': trial.suggest_loguniform('alpha', 1e-4, 1e2),
/workdir/train_spike.py:27: FutureWarning: suggest_loguniform has been deprecated in v3.0.0. This feature will be removed in v6.0.0. See https://github.com/optuna/optuna/releases/tag/v3.0.0. Use :func:`~optuna.trial.Trial.suggest_float` instead.
  'lambda': trial.suggest_loguniform('lambda', 1e-4, 1e2),
[I 2024-04-30 00:08:11,799] Trial 61 finished with value: 0.0545995237101245 and parameters: {'learning_rate': 0.07007733353325711, 'max_depth': 30, 'min_child_weight': 2.020592447856253, 'subsample': 0.5703574941126567, 'colsample_bytree': 0.5907530287358136, 'alpha': 0.2192615441603144, 'lambda': 0.009419919140420006}. Best is trial 21 with value: 0.024686599402188793.
/workdir/train_spike.py:21: FutureWarning: suggest_uniform has been deprecated in v3.0.0. This feature will be removed in v6.0.0. See https://github.com/optuna/optuna/releases/tag/v3.0.0. Use :func:`~optuna.trial.Trial.suggest_float` instead.
  'learning_rate': trial.suggest_uniform('learning_rate', 0.01, 0.1),
/workdir/train_spike.py:23: FutureWarning: suggest_loguniform has been deprecated in v3.0.0. This feature will be removed in v6.0.0. See https://github.com/optuna/optuna/releases/tag/v3.0.0. Use :func:`~optuna.trial.Trial.suggest_float` instead.
  'min_child_weight': trial.suggest_loguniform('min_child_weight', 1e-4, 1e2),
/workdir/train_spike.py:24: FutureWarning: suggest_uniform has been deprecated in v3.0.0. This feature will be removed in v6.0.0. See https://github.com/optuna/optuna/releases/tag/v3.0.0. Use :func:`~optuna.trial.Trial.suggest_float` instead.
  'subsample': trial.suggest_uniform('subsample', 0.5, 1),
/workdir/train_spike.py:25: FutureWarning: suggest_uniform has been deprecated in v3.0.0. This feature will be removed in v6.0.0. See https://github.com/optuna/optuna/releases/tag/v3.0.0. Use :func:`~optuna.trial.Trial.suggest_float` instead.
  'colsample_bytree': trial.suggest_uniform('colsample_bytree', 0.1, 1),
/workdir/train_spike.py:26: FutureWarning: suggest_loguniform has been deprecated in v3.0.0. This feature will be removed in v6.0.0. See https://github.com/optuna/optuna/releases/tag/v3.0.0. Use :func:`~optuna.trial.Trial.suggest_float` instead.
  'alpha': trial.suggest_loguniform('alpha', 1e-4, 1e2),
/workdir/train_spike.py:27: FutureWarning: suggest_loguniform has been deprecated in v3.0.0. This feature will be removed in v6.0.0. See https://github.com/optuna/optuna/releases/tag/v3.0.0. Use :func:`~optuna.trial.Trial.suggest_float` instead.
  'lambda': trial.suggest_loguniform('lambda', 1e-4, 1e2),
