Processing hourly data...
Processing spike data...
   memo            datetime  calories  carb  protein   fat  sugar  fiber  blood_sugar  spike
0    콜라 2024-01-01 10:00:00     300.0  20.0      0.0   0.0   20.0    0.0        114.0  116.0
1    피자 2024-01-02 10:00:00     525.0  70.0     25.0  15.0   12.0    2.0          NaN    NaN
2   햄버거 2024-01-03 10:00:00     430.0  50.0     20.0  20.0    8.0    1.0        132.0  147.0
3   파스타 2024-01-04 10:00:00     620.0  90.0     15.0  22.0    5.0    4.0        129.0  142.0
4   샐러드 2024-01-05 10:00:00     250.0  20.0      5.0  15.0    3.0    5.0        103.0  134.0
5    초밥 2024-01-06 10:00:00     500.0  60.0     30.0  10.0   15.0    2.0        100.0  112.0
6   돈까스 2024-01-07 10:00:00     650.0  45.0     25.0  35.0    6.0    3.0          NaN    NaN
7  스테이크 2024-01-08 10:00:00     700.0   5.0     50.0  45.0    0.0    0.0        107.0  107.0
8   토스트 2024-01-09 10:00:00     350.0  45.0     10.0  15.0    4.0    3.0          NaN    NaN
9   스무디 2024-01-10 10:00:00     280.0  30.0      5.0  10.0   25.0    2.0          NaN    NaN
Number of data:  10
Processing spike data done!
Training...
Train data set:  9101
Validation data set:  4
Test data set:  1
[I 2024-04-30 00:07:18,518] A new study created in memory with name: no-name-e626e1e3-2766-449f-a61f-4019e1574aa8
/workdir/train_spike.py:21: FutureWarning: suggest_uniform has been deprecated in v3.0.0. This feature will be removed in v6.0.0. See https://github.com/optuna/optuna/releases/tag/v3.0.0. Use :func:`~optuna.trial.Trial.suggest_float` instead.
  'learning_rate': trial.suggest_uniform('learning_rate', 0.01, 0.1),
/workdir/train_spike.py:23: FutureWarning: suggest_loguniform has been deprecated in v3.0.0. This feature will be removed in v6.0.0. See https://github.com/optuna/optuna/releases/tag/v3.0.0. Use :func:`~optuna.trial.Trial.suggest_float` instead.
  'min_child_weight': trial.suggest_loguniform('min_child_weight', 1e-4, 1e2),
/workdir/train_spike.py:24: FutureWarning: suggest_uniform has been deprecated in v3.0.0. This feature will be removed in v6.0.0. See https://github.com/optuna/optuna/releases/tag/v3.0.0. Use :func:`~optuna.trial.Trial.suggest_float` instead.
  'subsample': trial.suggest_uniform('subsample', 0.5, 1),
/workdir/train_spike.py:25: FutureWarning: suggest_uniform has been deprecated in v3.0.0. This feature will be removed in v6.0.0. See https://github.com/optuna/optuna/releases/tag/v3.0.0. Use :func:`~optuna.trial.Trial.suggest_float` instead.
  'colsample_bytree': trial.suggest_uniform('colsample_bytree', 0.1, 1),
/workdir/train_spike.py:26: FutureWarning: suggest_loguniform has been deprecated in v3.0.0. This feature will be removed in v6.0.0. See https://github.com/optuna/optuna/releases/tag/v3.0.0. Use :func:`~optuna.trial.Trial.suggest_float` instead.
  'alpha': trial.suggest_loguniform('alpha', 1e-4, 1e2),
/workdir/train_spike.py:27: FutureWarning: suggest_loguniform has been deprecated in v3.0.0. This feature will be removed in v6.0.0. See https://github.com/optuna/optuna/releases/tag/v3.0.0. Use :func:`~optuna.trial.Trial.suggest_float` instead.
  'lambda': trial.suggest_loguniform('lambda', 1e-4, 1e2),
[I 2024-04-30 00:07:19,225] Trial 0 finished with value: 0.04523284636146169 and parameters: {'learning_rate': 0.05182285498744132, 'max_depth': 19, 'min_child_weight': 0.6425814095058802, 'subsample': 0.7463301166345995, 'colsample_bytree': 0.8851936615848262, 'alpha': 11.363870488285349, 'lambda': 0.00039003197243267377}. Best is trial 0 with value: 0.04523284636146169.
/workdir/train_spike.py:21: FutureWarning: suggest_uniform has been deprecated in v3.0.0. This feature will be removed in v6.0.0. See https://github.com/optuna/optuna/releases/tag/v3.0.0. Use :func:`~optuna.trial.Trial.suggest_float` instead.
  'learning_rate': trial.suggest_uniform('learning_rate', 0.01, 0.1),
/workdir/train_spike.py:23: FutureWarning: suggest_loguniform has been deprecated in v3.0.0. This feature will be removed in v6.0.0. See https://github.com/optuna/optuna/releases/tag/v3.0.0. Use :func:`~optuna.trial.Trial.suggest_float` instead.
  'min_child_weight': trial.suggest_loguniform('min_child_weight', 1e-4, 1e2),
/workdir/train_spike.py:24: FutureWarning: suggest_uniform has been deprecated in v3.0.0. This feature will be removed in v6.0.0. See https://github.com/optuna/optuna/releases/tag/v3.0.0. Use :func:`~optuna.trial.Trial.suggest_float` instead.
  'subsample': trial.suggest_uniform('subsample', 0.5, 1),
/workdir/train_spike.py:25: FutureWarning: suggest_uniform has been deprecated in v3.0.0. This feature will be removed in v6.0.0. See https://github.com/optuna/optuna/releases/tag/v3.0.0. Use :func:`~optuna.trial.Trial.suggest_float` instead.
  'colsample_bytree': trial.suggest_uniform('colsample_bytree', 0.1, 1),
/workdir/train_spike.py:26: FutureWarning: suggest_loguniform has been deprecated in v3.0.0. This feature will be removed in v6.0.0. See https://github.com/optuna/optuna/releases/tag/v3.0.0. Use :func:`~optuna.trial.Trial.suggest_float` instead.
  'alpha': trial.suggest_loguniform('alpha', 1e-4, 1e2),
/workdir/train_spike.py:27: FutureWarning: suggest_loguniform has been deprecated in v3.0.0. This feature will be removed in v6.0.0. See https://github.com/optuna/optuna/releases/tag/v3.0.0. Use :func:`~optuna.trial.Trial.suggest_float` instead.
  'lambda': trial.suggest_loguniform('lambda', 1e-4, 1e2),
[I 2024-04-30 00:07:19,778] Trial 1 finished with value: 0.06158455852216487 and parameters: {'learning_rate': 0.05091121217171933, 'max_depth': 29, 'min_child_weight': 13.044225881798152, 'subsample': 0.6771935445654133, 'colsample_bytree': 0.632068923084458, 'alpha': 0.0004326064923827405, 'lambda': 0.8144066195106449}. Best is trial 0 with value: 0.04523284636146169.
/workdir/train_spike.py:21: FutureWarning: suggest_uniform has been deprecated in v3.0.0. This feature will be removed in v6.0.0. See https://github.com/optuna/optuna/releases/tag/v3.0.0. Use :func:`~optuna.trial.Trial.suggest_float` instead.
  'learning_rate': trial.suggest_uniform('learning_rate', 0.01, 0.1),
/workdir/train_spike.py:23: FutureWarning: suggest_loguniform has been deprecated in v3.0.0. This feature will be removed in v6.0.0. See https://github.com/optuna/optuna/releases/tag/v3.0.0. Use :func:`~optuna.trial.Trial.suggest_float` instead.
  'min_child_weight': trial.suggest_loguniform('min_child_weight', 1e-4, 1e2),
/workdir/train_spike.py:24: FutureWarning: suggest_uniform has been deprecated in v3.0.0. This feature will be removed in v6.0.0. See https://github.com/optuna/optuna/releases/tag/v3.0.0. Use :func:`~optuna.trial.Trial.suggest_float` instead.
  'subsample': trial.suggest_uniform('subsample', 0.5, 1),
/workdir/train_spike.py:25: FutureWarning: suggest_uniform has been deprecated in v3.0.0. This feature will be removed in v6.0.0. See https://github.com/optuna/optuna/releases/tag/v3.0.0. Use :func:`~optuna.trial.Trial.suggest_float` instead.
  'colsample_bytree': trial.suggest_uniform('colsample_bytree', 0.1, 1),
/workdir/train_spike.py:26: FutureWarning: suggest_loguniform has been deprecated in v3.0.0. This feature will be removed in v6.0.0. See https://github.com/optuna/optuna/releases/tag/v3.0.0. Use :func:`~optuna.trial.Trial.suggest_float` instead.
  'alpha': trial.suggest_loguniform('alpha', 1e-4, 1e2),
/workdir/train_spike.py:27: FutureWarning: suggest_loguniform has been deprecated in v3.0.0. This feature will be removed in v6.0.0. See https://github.com/optuna/optuna/releases/tag/v3.0.0. Use :func:`~optuna.trial.Trial.suggest_float` instead.
  'lambda': trial.suggest_loguniform('lambda', 1e-4, 1e2),
[I 2024-04-30 00:07:20,059] Trial 2 finished with value: 0.07764288136215738 and parameters: {'learning_rate': 0.07385912998455559, 'max_depth': 6, 'min_child_weight': 0.03150637836611208, 'subsample': 0.9324843895092126, 'colsample_bytree': 0.16690549925335701, 'alpha': 0.618787825666569, 'lambda': 0.06397146918245845}. Best is trial 0 with value: 0.04523284636146169.
/workdir/train_spike.py:21: FutureWarning: suggest_uniform has been deprecated in v3.0.0. This feature will be removed in v6.0.0. See https://github.com/optuna/optuna/releases/tag/v3.0.0. Use :func:`~optuna.trial.Trial.suggest_float` instead.
  'learning_rate': trial.suggest_uniform('learning_rate', 0.01, 0.1),
/workdir/train_spike.py:23: FutureWarning: suggest_loguniform has been deprecated in v3.0.0. This feature will be removed in v6.0.0. See https://github.com/optuna/optuna/releases/tag/v3.0.0. Use :func:`~optuna.trial.Trial.suggest_float` instead.
  'min_child_weight': trial.suggest_loguniform('min_child_weight', 1e-4, 1e2),
/workdir/train_spike.py:24: FutureWarning: suggest_uniform has been deprecated in v3.0.0. This feature will be removed in v6.0.0. See https://github.com/optuna/optuna/releases/tag/v3.0.0. Use :func:`~optuna.trial.Trial.suggest_float` instead.
  'subsample': trial.suggest_uniform('subsample', 0.5, 1),
/workdir/train_spike.py:25: FutureWarning: suggest_uniform has been deprecated in v3.0.0. This feature will be removed in v6.0.0. See https://github.com/optuna/optuna/releases/tag/v3.0.0. Use :func:`~optuna.trial.Trial.suggest_float` instead.
  'colsample_bytree': trial.suggest_uniform('colsample_bytree', 0.1, 1),
/workdir/train_spike.py:26: FutureWarning: suggest_loguniform has been deprecated in v3.0.0. This feature will be removed in v6.0.0. See https://github.com/optuna/optuna/releases/tag/v3.0.0. Use :func:`~optuna.trial.Trial.suggest_float` instead.
  'alpha': trial.suggest_loguniform('alpha', 1e-4, 1e2),
/workdir/train_spike.py:27: FutureWarning: suggest_loguniform has been deprecated in v3.0.0. This feature will be removed in v6.0.0. See https://github.com/optuna/optuna/releases/tag/v3.0.0. Use :func:`~optuna.trial.Trial.suggest_float` instead.
  'lambda': trial.suggest_loguniform('lambda', 1e-4, 1e2),
[I 2024-04-30 00:07:21,242] Trial 3 finished with value: 0.054845395892463567 and parameters: {'learning_rate': 0.032511452861549855, 'max_depth': 20, 'min_child_weight': 0.00011548650769373103, 'subsample': 0.8809221218642908, 'colsample_bytree': 0.3001173040183831, 'alpha': 0.009409363820841761, 'lambda': 0.1301595678496305}. Best is trial 0 with value: 0.04523284636146169.
/workdir/train_spike.py:21: FutureWarning: suggest_uniform has been deprecated in v3.0.0. This feature will be removed in v6.0.0. See https://github.com/optuna/optuna/releases/tag/v3.0.0. Use :func:`~optuna.trial.Trial.suggest_float` instead.
  'learning_rate': trial.suggest_uniform('learning_rate', 0.01, 0.1),
/workdir/train_spike.py:23: FutureWarning: suggest_loguniform has been deprecated in v3.0.0. This feature will be removed in v6.0.0. See https://github.com/optuna/optuna/releases/tag/v3.0.0. Use :func:`~optuna.trial.Trial.suggest_float` instead.
  'min_child_weight': trial.suggest_loguniform('min_child_weight', 1e-4, 1e2),
/workdir/train_spike.py:24: FutureWarning: suggest_uniform has been deprecated in v3.0.0. This feature will be removed in v6.0.0. See https://github.com/optuna/optuna/releases/tag/v3.0.0. Use :func:`~optuna.trial.Trial.suggest_float` instead.
  'subsample': trial.suggest_uniform('subsample', 0.5, 1),
/workdir/train_spike.py:25: FutureWarning: suggest_uniform has been deprecated in v3.0.0. This feature will be removed in v6.0.0. See https://github.com/optuna/optuna/releases/tag/v3.0.0. Use :func:`~optuna.trial.Trial.suggest_float` instead.
  'colsample_bytree': trial.suggest_uniform('colsample_bytree', 0.1, 1),
/workdir/train_spike.py:26: FutureWarning: suggest_loguniform has been deprecated in v3.0.0. This feature will be removed in v6.0.0. See https://github.com/optuna/optuna/releases/tag/v3.0.0. Use :func:`~optuna.trial.Trial.suggest_float` instead.
  'alpha': trial.suggest_loguniform('alpha', 1e-4, 1e2),
/workdir/train_spike.py:27: FutureWarning: suggest_loguniform has been deprecated in v3.0.0. This feature will be removed in v6.0.0. See https://github.com/optuna/optuna/releases/tag/v3.0.0. Use :func:`~optuna.trial.Trial.suggest_float` instead.
  'lambda': trial.suggest_loguniform('lambda', 1e-4, 1e2),
[I 2024-04-30 00:07:21,497] Trial 4 finished with value: 0.08975485816806632 and parameters: {'learning_rate': 0.05056203984458643, 'max_depth': 1, 'min_child_weight': 9.598370914798275, 'subsample': 0.7346959621623388, 'colsample_bytree': 0.27918812066624454, 'alpha': 1.2732001343452803, 'lambda': 2.983995541733954}. Best is trial 0 with value: 0.04523284636146169.
/workdir/train_spike.py:21: FutureWarning: suggest_uniform has been deprecated in v3.0.0. This feature will be removed in v6.0.0. See https://github.com/optuna/optuna/releases/tag/v3.0.0. Use :func:`~optuna.trial.Trial.suggest_float` instead.
  'learning_rate': trial.suggest_uniform('learning_rate', 0.01, 0.1),
/workdir/train_spike.py:23: FutureWarning: suggest_loguniform has been deprecated in v3.0.0. This feature will be removed in v6.0.0. See https://github.com/optuna/optuna/releases/tag/v3.0.0. Use :func:`~optuna.trial.Trial.suggest_float` instead.
  'min_child_weight': trial.suggest_loguniform('min_child_weight', 1e-4, 1e2),
/workdir/train_spike.py:24: FutureWarning: suggest_uniform has been deprecated in v3.0.0. This feature will be removed in v6.0.0. See https://github.com/optuna/optuna/releases/tag/v3.0.0. Use :func:`~optuna.trial.Trial.suggest_float` instead.
  'subsample': trial.suggest_uniform('subsample', 0.5, 1),
/workdir/train_spike.py:25: FutureWarning: suggest_uniform has been deprecated in v3.0.0. This feature will be removed in v6.0.0. See https://github.com/optuna/optuna/releases/tag/v3.0.0. Use :func:`~optuna.trial.Trial.suggest_float` instead.
  'colsample_bytree': trial.suggest_uniform('colsample_bytree', 0.1, 1),
/workdir/train_spike.py:26: FutureWarning: suggest_loguniform has been deprecated in v3.0.0. This feature will be removed in v6.0.0. See https://github.com/optuna/optuna/releases/tag/v3.0.0. Use :func:`~optuna.trial.Trial.suggest_float` instead.
  'alpha': trial.suggest_loguniform('alpha', 1e-4, 1e2),
/workdir/train_spike.py:27: FutureWarning: suggest_loguniform has been deprecated in v3.0.0. This feature will be removed in v6.0.0. See https://github.com/optuna/optuna/releases/tag/v3.0.0. Use :func:`~optuna.trial.Trial.suggest_float` instead.
  'lambda': trial.suggest_loguniform('lambda', 1e-4, 1e2),
[I 2024-04-30 00:07:21,856] Trial 5 finished with value: 0.03738675949810799 and parameters: {'learning_rate': 0.09442394349042871, 'max_depth': 27, 'min_child_weight': 52.57599718890072, 'subsample': 0.5448498858902945, 'colsample_bytree': 0.8271887649893837, 'alpha': 0.9303770891975732, 'lambda': 0.00011927681979384032}. Best is trial 5 with value: 0.03738675949810799.
/workdir/train_spike.py:21: FutureWarning: suggest_uniform has been deprecated in v3.0.0. This feature will be removed in v6.0.0. See https://github.com/optuna/optuna/releases/tag/v3.0.0. Use :func:`~optuna.trial.Trial.suggest_float` instead.
  'learning_rate': trial.suggest_uniform('learning_rate', 0.01, 0.1),
/workdir/train_spike.py:23: FutureWarning: suggest_loguniform has been deprecated in v3.0.0. This feature will be removed in v6.0.0. See https://github.com/optuna/optuna/releases/tag/v3.0.0. Use :func:`~optuna.trial.Trial.suggest_float` instead.
  'min_child_weight': trial.suggest_loguniform('min_child_weight', 1e-4, 1e2),
/workdir/train_spike.py:24: FutureWarning: suggest_uniform has been deprecated in v3.0.0. This feature will be removed in v6.0.0. See https://github.com/optuna/optuna/releases/tag/v3.0.0. Use :func:`~optuna.trial.Trial.suggest_float` instead.
  'subsample': trial.suggest_uniform('subsample', 0.5, 1),
/workdir/train_spike.py:25: FutureWarning: suggest_uniform has been deprecated in v3.0.0. This feature will be removed in v6.0.0. See https://github.com/optuna/optuna/releases/tag/v3.0.0. Use :func:`~optuna.trial.Trial.suggest_float` instead.
  'colsample_bytree': trial.suggest_uniform('colsample_bytree', 0.1, 1),
/workdir/train_spike.py:26: FutureWarning: suggest_loguniform has been deprecated in v3.0.0. This feature will be removed in v6.0.0. See https://github.com/optuna/optuna/releases/tag/v3.0.0. Use :func:`~optuna.trial.Trial.suggest_float` instead.
  'alpha': trial.suggest_loguniform('alpha', 1e-4, 1e2),
/workdir/train_spike.py:27: FutureWarning: suggest_loguniform has been deprecated in v3.0.0. This feature will be removed in v6.0.0. See https://github.com/optuna/optuna/releases/tag/v3.0.0. Use :func:`~optuna.trial.Trial.suggest_float` instead.
  'lambda': trial.suggest_loguniform('lambda', 1e-4, 1e2),
[I 2024-04-30 00:07:23,952] Trial 6 finished with value: 0.04446901862341111 and parameters: {'learning_rate': 0.047858731883838906, 'max_depth': 27, 'min_child_weight': 0.440026110565376, 'subsample': 0.6402860780601107, 'colsample_bytree': 0.8312850853537121, 'alpha': 0.005737095195820197, 'lambda': 0.0003474421184382262}. Best is trial 5 with value: 0.03738675949810799.
/workdir/train_spike.py:21: FutureWarning: suggest_uniform has been deprecated in v3.0.0. This feature will be removed in v6.0.0. See https://github.com/optuna/optuna/releases/tag/v3.0.0. Use :func:`~optuna.trial.Trial.suggest_float` instead.
  'learning_rate': trial.suggest_uniform('learning_rate', 0.01, 0.1),
/workdir/train_spike.py:23: FutureWarning: suggest_loguniform has been deprecated in v3.0.0. This feature will be removed in v6.0.0. See https://github.com/optuna/optuna/releases/tag/v3.0.0. Use :func:`~optuna.trial.Trial.suggest_float` instead.
  'min_child_weight': trial.suggest_loguniform('min_child_weight', 1e-4, 1e2),
/workdir/train_spike.py:24: FutureWarning: suggest_uniform has been deprecated in v3.0.0. This feature will be removed in v6.0.0. See https://github.com/optuna/optuna/releases/tag/v3.0.0. Use :func:`~optuna.trial.Trial.suggest_float` instead.
  'subsample': trial.suggest_uniform('subsample', 0.5, 1),
/workdir/train_spike.py:25: FutureWarning: suggest_uniform has been deprecated in v3.0.0. This feature will be removed in v6.0.0. See https://github.com/optuna/optuna/releases/tag/v3.0.0. Use :func:`~optuna.trial.Trial.suggest_float` instead.
  'colsample_bytree': trial.suggest_uniform('colsample_bytree', 0.1, 1),
/workdir/train_spike.py:26: FutureWarning: suggest_loguniform has been deprecated in v3.0.0. This feature will be removed in v6.0.0. See https://github.com/optuna/optuna/releases/tag/v3.0.0. Use :func:`~optuna.trial.Trial.suggest_float` instead.
  'alpha': trial.suggest_loguniform('alpha', 1e-4, 1e2),
/workdir/train_spike.py:27: FutureWarning: suggest_loguniform has been deprecated in v3.0.0. This feature will be removed in v6.0.0. See https://github.com/optuna/optuna/releases/tag/v3.0.0. Use :func:`~optuna.trial.Trial.suggest_float` instead.
  'lambda': trial.suggest_loguniform('lambda', 1e-4, 1e2),
[I 2024-04-30 00:07:24,237] Trial 7 finished with value: 0.0979767180405085 and parameters: {'learning_rate': 0.03144548672499366, 'max_depth': 1, 'min_child_weight': 0.0001242405547603997, 'subsample': 0.5158994820260812, 'colsample_bytree': 0.2172501419274696, 'alpha': 12.437172728185656, 'lambda': 30.455442946049818}. Best is trial 5 with value: 0.03738675949810799.
/workdir/train_spike.py:21: FutureWarning: suggest_uniform has been deprecated in v3.0.0. This feature will be removed in v6.0.0. See https://github.com/optuna/optuna/releases/tag/v3.0.0. Use :func:`~optuna.trial.Trial.suggest_float` instead.
  'learning_rate': trial.suggest_uniform('learning_rate', 0.01, 0.1),
/workdir/train_spike.py:23: FutureWarning: suggest_loguniform has been deprecated in v3.0.0. This feature will be removed in v6.0.0. See https://github.com/optuna/optuna/releases/tag/v3.0.0. Use :func:`~optuna.trial.Trial.suggest_float` instead.
  'min_child_weight': trial.suggest_loguniform('min_child_weight', 1e-4, 1e2),
/workdir/train_spike.py:24: FutureWarning: suggest_uniform has been deprecated in v3.0.0. This feature will be removed in v6.0.0. See https://github.com/optuna/optuna/releases/tag/v3.0.0. Use :func:`~optuna.trial.Trial.suggest_float` instead.
  'subsample': trial.suggest_uniform('subsample', 0.5, 1),
/workdir/train_spike.py:25: FutureWarning: suggest_uniform has been deprecated in v3.0.0. This feature will be removed in v6.0.0. See https://github.com/optuna/optuna/releases/tag/v3.0.0. Use :func:`~optuna.trial.Trial.suggest_float` instead.
  'colsample_bytree': trial.suggest_uniform('colsample_bytree', 0.1, 1),
/workdir/train_spike.py:26: FutureWarning: suggest_loguniform has been deprecated in v3.0.0. This feature will be removed in v6.0.0. See https://github.com/optuna/optuna/releases/tag/v3.0.0. Use :func:`~optuna.trial.Trial.suggest_float` instead.
  'alpha': trial.suggest_loguniform('alpha', 1e-4, 1e2),
/workdir/train_spike.py:27: FutureWarning: suggest_loguniform has been deprecated in v3.0.0. This feature will be removed in v6.0.0. See https://github.com/optuna/optuna/releases/tag/v3.0.0. Use :func:`~optuna.trial.Trial.suggest_float` instead.
  'lambda': trial.suggest_loguniform('lambda', 1e-4, 1e2),
