[I 2024-04-30 00:08:18,867] Trial 71 finished with value: 0.04864051714967599 and parameters: {'learning_rate': 0.037604145461276245, 'max_depth': 29, 'min_child_weight': 2.4985946047019474, 'subsample': 0.6987940009367061, 'colsample_bytree': 0.8550916325107942, 'alpha': 0.04950458072707962, 'lambda': 0.0042602646149223055}. Best is trial 21 with value: 0.024686599402188793.
/workdir/train_spike.py:21: FutureWarning: suggest_uniform has been deprecated in v3.0.0. This feature will be removed in v6.0.0. See https://github.com/optuna/optuna/releases/tag/v3.0.0. Use :func:`~optuna.trial.Trial.suggest_float` instead.
  'learning_rate': trial.suggest_uniform('learning_rate', 0.01, 0.1),
/workdir/train_spike.py:23: FutureWarning: suggest_loguniform has been deprecated in v3.0.0. This feature will be removed in v6.0.0. See https://github.com/optuna/optuna/releases/tag/v3.0.0. Use :func:`~optuna.trial.Trial.suggest_float` instead.
  'min_child_weight': trial.suggest_loguniform('min_child_weight', 1e-4, 1e2),
/workdir/train_spike.py:24: FutureWarning: suggest_uniform has been deprecated in v3.0.0. This feature will be removed in v6.0.0. See https://github.com/optuna/optuna/releases/tag/v3.0.0. Use :func:`~optuna.trial.Trial.suggest_float` instead.
  'subsample': trial.suggest_uniform('subsample', 0.5, 1),
/workdir/train_spike.py:25: FutureWarning: suggest_uniform has been deprecated in v3.0.0. This feature will be removed in v6.0.0. See https://github.com/optuna/optuna/releases/tag/v3.0.0. Use :func:`~optuna.trial.Trial.suggest_float` instead.
  'colsample_bytree': trial.suggest_uniform('colsample_bytree', 0.1, 1),
/workdir/train_spike.py:26: FutureWarning: suggest_loguniform has been deprecated in v3.0.0. This feature will be removed in v6.0.0. See https://github.com/optuna/optuna/releases/tag/v3.0.0. Use :func:`~optuna.trial.Trial.suggest_float` instead.
  'alpha': trial.suggest_loguniform('alpha', 1e-4, 1e2),
/workdir/train_spike.py:27: FutureWarning: suggest_loguniform has been deprecated in v3.0.0. This feature will be removed in v6.0.0. See https://github.com/optuna/optuna/releases/tag/v3.0.0. Use :func:`~optuna.trial.Trial.suggest_float` instead.
  'lambda': trial.suggest_loguniform('lambda', 1e-4, 1e2),
[I 2024-04-30 00:08:19,837] Trial 72 finished with value: 0.04146890552184923 and parameters: {'learning_rate': 0.033504471867232995, 'max_depth': 27, 'min_child_weight': 3.1603733499685736, 'subsample': 0.6306895078235397, 'colsample_bytree': 0.8986919316363293, 'alpha': 0.00010069848788477261, 'lambda': 0.038514977308497865}. Best is trial 21 with value: 0.024686599402188793.
/workdir/train_spike.py:21: FutureWarning: suggest_uniform has been deprecated in v3.0.0. This feature will be removed in v6.0.0. See https://github.com/optuna/optuna/releases/tag/v3.0.0. Use :func:`~optuna.trial.Trial.suggest_float` instead.
  'learning_rate': trial.suggest_uniform('learning_rate', 0.01, 0.1),
/workdir/train_spike.py:23: FutureWarning: suggest_loguniform has been deprecated in v3.0.0. This feature will be removed in v6.0.0. See https://github.com/optuna/optuna/releases/tag/v3.0.0. Use :func:`~optuna.trial.Trial.suggest_float` instead.
  'min_child_weight': trial.suggest_loguniform('min_child_weight', 1e-4, 1e2),
/workdir/train_spike.py:24: FutureWarning: suggest_uniform has been deprecated in v3.0.0. This feature will be removed in v6.0.0. See https://github.com/optuna/optuna/releases/tag/v3.0.0. Use :func:`~optuna.trial.Trial.suggest_float` instead.
  'subsample': trial.suggest_uniform('subsample', 0.5, 1),
/workdir/train_spike.py:25: FutureWarning: suggest_uniform has been deprecated in v3.0.0. This feature will be removed in v6.0.0. See https://github.com/optuna/optuna/releases/tag/v3.0.0. Use :func:`~optuna.trial.Trial.suggest_float` instead.
  'colsample_bytree': trial.suggest_uniform('colsample_bytree', 0.1, 1),
/workdir/train_spike.py:26: FutureWarning: suggest_loguniform has been deprecated in v3.0.0. This feature will be removed in v6.0.0. See https://github.com/optuna/optuna/releases/tag/v3.0.0. Use :func:`~optuna.trial.Trial.suggest_float` instead.
  'alpha': trial.suggest_loguniform('alpha', 1e-4, 1e2),
/workdir/train_spike.py:27: FutureWarning: suggest_loguniform has been deprecated in v3.0.0. This feature will be removed in v6.0.0. See https://github.com/optuna/optuna/releases/tag/v3.0.0. Use :func:`~optuna.trial.Trial.suggest_float` instead.
  'lambda': trial.suggest_loguniform('lambda', 1e-4, 1e2),
[I 2024-04-30 00:08:20,253] Trial 73 finished with value: 0.047671069392631826 and parameters: {'learning_rate': 0.06208496253775575, 'max_depth': 9, 'min_child_weight': 0.914183481407504, 'subsample': 0.6589097071553764, 'colsample_bytree': 0.8024051024413219, 'alpha': 0.0035675594045353866, 'lambda': 0.01196140949155861}. Best is trial 21 with value: 0.024686599402188793.
/workdir/train_spike.py:21: FutureWarning: suggest_uniform has been deprecated in v3.0.0. This feature will be removed in v6.0.0. See https://github.com/optuna/optuna/releases/tag/v3.0.0. Use :func:`~optuna.trial.Trial.suggest_float` instead.
  'learning_rate': trial.suggest_uniform('learning_rate', 0.01, 0.1),
/workdir/train_spike.py:23: FutureWarning: suggest_loguniform has been deprecated in v3.0.0. This feature will be removed in v6.0.0. See https://github.com/optuna/optuna/releases/tag/v3.0.0. Use :func:`~optuna.trial.Trial.suggest_float` instead.
  'min_child_weight': trial.suggest_loguniform('min_child_weight', 1e-4, 1e2),
/workdir/train_spike.py:24: FutureWarning: suggest_uniform has been deprecated in v3.0.0. This feature will be removed in v6.0.0. See https://github.com/optuna/optuna/releases/tag/v3.0.0. Use :func:`~optuna.trial.Trial.suggest_float` instead.
  'subsample': trial.suggest_uniform('subsample', 0.5, 1),
/workdir/train_spike.py:25: FutureWarning: suggest_uniform has been deprecated in v3.0.0. This feature will be removed in v6.0.0. See https://github.com/optuna/optuna/releases/tag/v3.0.0. Use :func:`~optuna.trial.Trial.suggest_float` instead.
  'colsample_bytree': trial.suggest_uniform('colsample_bytree', 0.1, 1),
/workdir/train_spike.py:26: FutureWarning: suggest_loguniform has been deprecated in v3.0.0. This feature will be removed in v6.0.0. See https://github.com/optuna/optuna/releases/tag/v3.0.0. Use :func:`~optuna.trial.Trial.suggest_float` instead.
  'alpha': trial.suggest_loguniform('alpha', 1e-4, 1e2),
/workdir/train_spike.py:27: FutureWarning: suggest_loguniform has been deprecated in v3.0.0. This feature will be removed in v6.0.0. See https://github.com/optuna/optuna/releases/tag/v3.0.0. Use :func:`~optuna.trial.Trial.suggest_float` instead.
  'lambda': trial.suggest_loguniform('lambda', 1e-4, 1e2),
[I 2024-04-30 00:08:21,001] Trial 74 finished with value: 0.04369277828705992 and parameters: {'learning_rate': 0.042890900269044775, 'max_depth': 17, 'min_child_weight': 6.061588211056508, 'subsample': 0.7677956549615969, 'colsample_bytree': 0.7025178317015688, 'alpha': 0.021706277266854018, 'lambda': 0.06503867306063713}. Best is trial 21 with value: 0.024686599402188793.
/workdir/train_spike.py:21: FutureWarning: suggest_uniform has been deprecated in v3.0.0. This feature will be removed in v6.0.0. See https://github.com/optuna/optuna/releases/tag/v3.0.0. Use :func:`~optuna.trial.Trial.suggest_float` instead.
  'learning_rate': trial.suggest_uniform('learning_rate', 0.01, 0.1),
/workdir/train_spike.py:23: FutureWarning: suggest_loguniform has been deprecated in v3.0.0. This feature will be removed in v6.0.0. See https://github.com/optuna/optuna/releases/tag/v3.0.0. Use :func:`~optuna.trial.Trial.suggest_float` instead.
  'min_child_weight': trial.suggest_loguniform('min_child_weight', 1e-4, 1e2),
/workdir/train_spike.py:24: FutureWarning: suggest_uniform has been deprecated in v3.0.0. This feature will be removed in v6.0.0. See https://github.com/optuna/optuna/releases/tag/v3.0.0. Use :func:`~optuna.trial.Trial.suggest_float` instead.
  'subsample': trial.suggest_uniform('subsample', 0.5, 1),
/workdir/train_spike.py:25: FutureWarning: suggest_uniform has been deprecated in v3.0.0. This feature will be removed in v6.0.0. See https://github.com/optuna/optuna/releases/tag/v3.0.0. Use :func:`~optuna.trial.Trial.suggest_float` instead.
  'colsample_bytree': trial.suggest_uniform('colsample_bytree', 0.1, 1),
/workdir/train_spike.py:26: FutureWarning: suggest_loguniform has been deprecated in v3.0.0. This feature will be removed in v6.0.0. See https://github.com/optuna/optuna/releases/tag/v3.0.0. Use :func:`~optuna.trial.Trial.suggest_float` instead.
  'alpha': trial.suggest_loguniform('alpha', 1e-4, 1e2),
/workdir/train_spike.py:27: FutureWarning: suggest_loguniform has been deprecated in v3.0.0. This feature will be removed in v6.0.0. See https://github.com/optuna/optuna/releases/tag/v3.0.0. Use :func:`~optuna.trial.Trial.suggest_float` instead.
  'lambda': trial.suggest_loguniform('lambda', 1e-4, 1e2),
[I 2024-04-30 00:08:22,119] Trial 75 finished with value: 0.04004357467871838 and parameters: {'learning_rate': 0.09659966050181906, 'max_depth': 28, 'min_child_weight': 0.00018599472816587076, 'subsample': 0.9681047488099453, 'colsample_bytree': 0.9180786381099182, 'alpha': 0.03463698430918802, 'lambda': 0.0007121271161845906}. Best is trial 21 with value: 0.024686599402188793.
/workdir/train_spike.py:21: FutureWarning: suggest_uniform has been deprecated in v3.0.0. This feature will be removed in v6.0.0. See https://github.com/optuna/optuna/releases/tag/v3.0.0. Use :func:`~optuna.trial.Trial.suggest_float` instead.
  'learning_rate': trial.suggest_uniform('learning_rate', 0.01, 0.1),
/workdir/train_spike.py:23: FutureWarning: suggest_loguniform has been deprecated in v3.0.0. This feature will be removed in v6.0.0. See https://github.com/optuna/optuna/releases/tag/v3.0.0. Use :func:`~optuna.trial.Trial.suggest_float` instead.
  'min_child_weight': trial.suggest_loguniform('min_child_weight', 1e-4, 1e2),
/workdir/train_spike.py:24: FutureWarning: suggest_uniform has been deprecated in v3.0.0. This feature will be removed in v6.0.0. See https://github.com/optuna/optuna/releases/tag/v3.0.0. Use :func:`~optuna.trial.Trial.suggest_float` instead.
  'subsample': trial.suggest_uniform('subsample', 0.5, 1),
/workdir/train_spike.py:25: FutureWarning: suggest_uniform has been deprecated in v3.0.0. This feature will be removed in v6.0.0. See https://github.com/optuna/optuna/releases/tag/v3.0.0. Use :func:`~optuna.trial.Trial.suggest_float` instead.
  'colsample_bytree': trial.suggest_uniform('colsample_bytree', 0.1, 1),
/workdir/train_spike.py:26: FutureWarning: suggest_loguniform has been deprecated in v3.0.0. This feature will be removed in v6.0.0. See https://github.com/optuna/optuna/releases/tag/v3.0.0. Use :func:`~optuna.trial.Trial.suggest_float` instead.
  'alpha': trial.suggest_loguniform('alpha', 1e-4, 1e2),
/workdir/train_spike.py:27: FutureWarning: suggest_loguniform has been deprecated in v3.0.0. This feature will be removed in v6.0.0. See https://github.com/optuna/optuna/releases/tag/v3.0.0. Use :func:`~optuna.trial.Trial.suggest_float` instead.
  'lambda': trial.suggest_loguniform('lambda', 1e-4, 1e2),
[I 2024-04-30 00:08:23,412] Trial 76 finished with value: 0.05179398078899678 and parameters: {'learning_rate': 0.04671915953292273, 'max_depth': 23, 'min_child_weight': 0.43096271257979446, 'subsample': 0.5907822461701016, 'colsample_bytree': 0.9002250680154587, 'alpha': 0.07862937130829406, 'lambda': 0.0004074689926897034}. Best is trial 21 with value: 0.024686599402188793.
/workdir/train_spike.py:21: FutureWarning: suggest_uniform has been deprecated in v3.0.0. This feature will be removed in v6.0.0. See https://github.com/optuna/optuna/releases/tag/v3.0.0. Use :func:`~optuna.trial.Trial.suggest_float` instead.
  'learning_rate': trial.suggest_uniform('learning_rate', 0.01, 0.1),
/workdir/train_spike.py:23: FutureWarning: suggest_loguniform has been deprecated in v3.0.0. This feature will be removed in v6.0.0. See https://github.com/optuna/optuna/releases/tag/v3.0.0. Use :func:`~optuna.trial.Trial.suggest_float` instead.
  'min_child_weight': trial.suggest_loguniform('min_child_weight', 1e-4, 1e2),
/workdir/train_spike.py:24: FutureWarning: suggest_uniform has been deprecated in v3.0.0. This feature will be removed in v6.0.0. See https://github.com/optuna/optuna/releases/tag/v3.0.0. Use :func:`~optuna.trial.Trial.suggest_float` instead.
  'subsample': trial.suggest_uniform('subsample', 0.5, 1),
/workdir/train_spike.py:25: FutureWarning: suggest_uniform has been deprecated in v3.0.0. This feature will be removed in v6.0.0. See https://github.com/optuna/optuna/releases/tag/v3.0.0. Use :func:`~optuna.trial.Trial.suggest_float` instead.
  'colsample_bytree': trial.suggest_uniform('colsample_bytree', 0.1, 1),
/workdir/train_spike.py:26: FutureWarning: suggest_loguniform has been deprecated in v3.0.0. This feature will be removed in v6.0.0. See https://github.com/optuna/optuna/releases/tag/v3.0.0. Use :func:`~optuna.trial.Trial.suggest_float` instead.
  'alpha': trial.suggest_loguniform('alpha', 1e-4, 1e2),
/workdir/train_spike.py:27: FutureWarning: suggest_loguniform has been deprecated in v3.0.0. This feature will be removed in v6.0.0. See https://github.com/optuna/optuna/releases/tag/v3.0.0. Use :func:`~optuna.trial.Trial.suggest_float` instead.
  'lambda': trial.suggest_loguniform('lambda', 1e-4, 1e2),
[I 2024-04-30 00:08:24,763] Trial 77 finished with value: 0.04935745794106628 and parameters: {'learning_rate': 0.014484684616743057, 'max_depth': 21, 'min_child_weight': 0.6104470877273526, 'subsample': 0.5657287179588584, 'colsample_bytree': 0.8238188592714006, 'alpha': 0.2205333987632966, 'lambda': 0.0013576079464477071}. Best is trial 21 with value: 0.024686599402188793.
/workdir/train_spike.py:21: FutureWarning: suggest_uniform has been deprecated in v3.0.0. This feature will be removed in v6.0.0. See https://github.com/optuna/optuna/releases/tag/v3.0.0. Use :func:`~optuna.trial.Trial.suggest_float` instead.
  'learning_rate': trial.suggest_uniform('learning_rate', 0.01, 0.1),
/workdir/train_spike.py:23: FutureWarning: suggest_loguniform has been deprecated in v3.0.0. This feature will be removed in v6.0.0. See https://github.com/optuna/optuna/releases/tag/v3.0.0. Use :func:`~optuna.trial.Trial.suggest_float` instead.
  'min_child_weight': trial.suggest_loguniform('min_child_weight', 1e-4, 1e2),
/workdir/train_spike.py:24: FutureWarning: suggest_uniform has been deprecated in v3.0.0. This feature will be removed in v6.0.0. See https://github.com/optuna/optuna/releases/tag/v3.0.0. Use :func:`~optuna.trial.Trial.suggest_float` instead.
  'subsample': trial.suggest_uniform('subsample', 0.5, 1),
/workdir/train_spike.py:25: FutureWarning: suggest_uniform has been deprecated in v3.0.0. This feature will be removed in v6.0.0. See https://github.com/optuna/optuna/releases/tag/v3.0.0. Use :func:`~optuna.trial.Trial.suggest_float` instead.
  'colsample_bytree': trial.suggest_uniform('colsample_bytree', 0.1, 1),
/workdir/train_spike.py:26: FutureWarning: suggest_loguniform has been deprecated in v3.0.0. This feature will be removed in v6.0.0. See https://github.com/optuna/optuna/releases/tag/v3.0.0. Use :func:`~optuna.trial.Trial.suggest_float` instead.
  'alpha': trial.suggest_loguniform('alpha', 1e-4, 1e2),
/workdir/train_spike.py:27: FutureWarning: suggest_loguniform has been deprecated in v3.0.0. This feature will be removed in v6.0.0. See https://github.com/optuna/optuna/releases/tag/v3.0.0. Use :func:`~optuna.trial.Trial.suggest_float` instead.
  'lambda': trial.suggest_loguniform('lambda', 1e-4, 1e2),
[I 2024-04-30 00:08:26,130] Trial 78 finished with value: 0.04484505525819574 and parameters: {'learning_rate': 0.05700241801549007, 'max_depth': 30, 'min_child_weight': 1.6044084097709645, 'subsample': 0.8096903837364847, 'colsample_bytree': 0.7832960523556353, 'alpha': 0.012510139008937842, 'lambda': 0.001596118662832909}. Best is trial 21 with value: 0.024686599402188793.
/workdir/train_spike.py:21: FutureWarning: suggest_uniform has been deprecated in v3.0.0. This feature will be removed in v6.0.0. See https://github.com/optuna/optuna/releases/tag/v3.0.0. Use :func:`~optuna.trial.Trial.suggest_float` instead.
  'learning_rate': trial.suggest_uniform('learning_rate', 0.01, 0.1),
/workdir/train_spike.py:23: FutureWarning: suggest_loguniform has been deprecated in v3.0.0. This feature will be removed in v6.0.0. See https://github.com/optuna/optuna/releases/tag/v3.0.0. Use :func:`~optuna.trial.Trial.suggest_float` instead.
  'min_child_weight': trial.suggest_loguniform('min_child_weight', 1e-4, 1e2),
/workdir/train_spike.py:24: FutureWarning: suggest_uniform has been deprecated in v3.0.0. This feature will be removed in v6.0.0. See https://github.com/optuna/optuna/releases/tag/v3.0.0. Use :func:`~optuna.trial.Trial.suggest_float` instead.
  'subsample': trial.suggest_uniform('subsample', 0.5, 1),
/workdir/train_spike.py:25: FutureWarning: suggest_uniform has been deprecated in v3.0.0. This feature will be removed in v6.0.0. See https://github.com/optuna/optuna/releases/tag/v3.0.0. Use :func:`~optuna.trial.Trial.suggest_float` instead.
  'colsample_bytree': trial.suggest_uniform('colsample_bytree', 0.1, 1),
/workdir/train_spike.py:26: FutureWarning: suggest_loguniform has been deprecated in v3.0.0. This feature will be removed in v6.0.0. See https://github.com/optuna/optuna/releases/tag/v3.0.0. Use :func:`~optuna.trial.Trial.suggest_float` instead.
  'alpha': trial.suggest_loguniform('alpha', 1e-4, 1e2),
/workdir/train_spike.py:27: FutureWarning: suggest_loguniform has been deprecated in v3.0.0. This feature will be removed in v6.0.0. See https://github.com/optuna/optuna/releases/tag/v3.0.0. Use :func:`~optuna.trial.Trial.suggest_float` instead.
  'lambda': trial.suggest_loguniform('lambda', 1e-4, 1e2),
[I 2024-04-30 00:08:26,934] Trial 79 finished with value: 0.040770524569148175 and parameters: {'learning_rate': 0.05356380227651202, 'max_depth': 19, 'min_child_weight': 4.2140568598158925, 'subsample': 0.8446969200317991, 'colsample_bytree': 0.752337336437272, 'alpha': 2.3330564347182627, 'lambda': 0.00021461782704920314}. Best is trial 21 with value: 0.024686599402188793.
/workdir/train_spike.py:21: FutureWarning: suggest_uniform has been deprecated in v3.0.0. This feature will be removed in v6.0.0. See https://github.com/optuna/optuna/releases/tag/v3.0.0. Use :func:`~optuna.trial.Trial.suggest_float` instead.
  'learning_rate': trial.suggest_uniform('learning_rate', 0.01, 0.1),
/workdir/train_spike.py:23: FutureWarning: suggest_loguniform has been deprecated in v3.0.0. This feature will be removed in v6.0.0. See https://github.com/optuna/optuna/releases/tag/v3.0.0. Use :func:`~optuna.trial.Trial.suggest_float` instead.
  'min_child_weight': trial.suggest_loguniform('min_child_weight', 1e-4, 1e2),
/workdir/train_spike.py:24: FutureWarning: suggest_uniform has been deprecated in v3.0.0. This feature will be removed in v6.0.0. See https://github.com/optuna/optuna/releases/tag/v3.0.0. Use :func:`~optuna.trial.Trial.suggest_float` instead.
  'subsample': trial.suggest_uniform('subsample', 0.5, 1),
/workdir/train_spike.py:25: FutureWarning: suggest_uniform has been deprecated in v3.0.0. This feature will be removed in v6.0.0. See https://github.com/optuna/optuna/releases/tag/v3.0.0. Use :func:`~optuna.trial.Trial.suggest_float` instead.
  'colsample_bytree': trial.suggest_uniform('colsample_bytree', 0.1, 1),
/workdir/train_spike.py:26: FutureWarning: suggest_loguniform has been deprecated in v3.0.0. This feature will be removed in v6.0.0. See https://github.com/optuna/optuna/releases/tag/v3.0.0. Use :func:`~optuna.trial.Trial.suggest_float` instead.
  'alpha': trial.suggest_loguniform('alpha', 1e-4, 1e2),
/workdir/train_spike.py:27: FutureWarning: suggest_loguniform has been deprecated in v3.0.0. This feature will be removed in v6.0.0. See https://github.com/optuna/optuna/releases/tag/v3.0.0. Use :func:`~optuna.trial.Trial.suggest_float` instead.
  'lambda': trial.suggest_loguniform('lambda', 1e-4, 1e2),
