[I 2024-04-30 00:08:45,738] Trial 98 finished with value: 0.06940886608388236 and parameters: {'learning_rate': 0.05856142031021255, 'max_depth': 27, 'min_child_weight': 0.0004892349323064884, 'subsample': 0.5563488313461215, 'colsample_bytree': 0.527443658188636, 'alpha': 0.029455664168327938, 'lambda': 0.0001388310444450535}. Best is trial 21 with value: 0.024686599402188793.
/workdir/train_spike.py:21: FutureWarning: suggest_uniform has been deprecated in v3.0.0. This feature will be removed in v6.0.0. See https://github.com/optuna/optuna/releases/tag/v3.0.0. Use :func:`~optuna.trial.Trial.suggest_float` instead.
  'learning_rate': trial.suggest_uniform('learning_rate', 0.01, 0.1),
/workdir/train_spike.py:23: FutureWarning: suggest_loguniform has been deprecated in v3.0.0. This feature will be removed in v6.0.0. See https://github.com/optuna/optuna/releases/tag/v3.0.0. Use :func:`~optuna.trial.Trial.suggest_float` instead.
  'min_child_weight': trial.suggest_loguniform('min_child_weight', 1e-4, 1e2),
/workdir/train_spike.py:24: FutureWarning: suggest_uniform has been deprecated in v3.0.0. This feature will be removed in v6.0.0. See https://github.com/optuna/optuna/releases/tag/v3.0.0. Use :func:`~optuna.trial.Trial.suggest_float` instead.
  'subsample': trial.suggest_uniform('subsample', 0.5, 1),
/workdir/train_spike.py:25: FutureWarning: suggest_uniform has been deprecated in v3.0.0. This feature will be removed in v6.0.0. See https://github.com/optuna/optuna/releases/tag/v3.0.0. Use :func:`~optuna.trial.Trial.suggest_float` instead.
  'colsample_bytree': trial.suggest_uniform('colsample_bytree', 0.1, 1),
/workdir/train_spike.py:26: FutureWarning: suggest_loguniform has been deprecated in v3.0.0. This feature will be removed in v6.0.0. See https://github.com/optuna/optuna/releases/tag/v3.0.0. Use :func:`~optuna.trial.Trial.suggest_float` instead.
  'alpha': trial.suggest_loguniform('alpha', 1e-4, 1e2),
/workdir/train_spike.py:27: FutureWarning: suggest_loguniform has been deprecated in v3.0.0. This feature will be removed in v6.0.0. See https://github.com/optuna/optuna/releases/tag/v3.0.0. Use :func:`~optuna.trial.Trial.suggest_float` instead.
  'lambda': trial.suggest_loguniform('lambda', 1e-4, 1e2),
[I 2024-04-30 00:08:46,329] Trial 99 finished with value: 0.07091464336291965 and parameters: {'learning_rate': 0.06062830772602299, 'max_depth': 25, 'min_child_weight': 2.9745305569804787, 'subsample': 0.5829124740896814, 'colsample_bytree': 0.1754319614954183, 'alpha': 0.005726065144775945, 'lambda': 0.0003147271249861127}. Best is trial 21 with value: 0.024686599402188793.
Best trial: {'learning_rate': 0.06293574104203638, 'max_depth': 30, 'min_child_weight': 2.351088702904133, 'subsample': 0.5625903480956863, 'colsample_bytree': 0.7275354529951427, 'alpha': 0.04047362209450347, 'lambda': 0.014684753119157594}
Validation -- Best MAPE: 0.024686599402188793
Best n_estimators: 25
Test -- MAPE: 0.2986250920082206 RMSE:  40.01576232910156
