[I 2024-04-30 00:08:12,332] Trial 62 finished with value: 0.046869422101111315 and parameters: {'learning_rate': 0.06122028330189594, 'max_depth': 29, 'min_child_weight': 12.248877470806805, 'subsample': 0.5505766331043214, 'colsample_bytree': 0.6328388220823902, 'alpha': 0.08778910353966102, 'lambda': 0.07781476215832835}. Best is trial 21 with value: 0.024686599402188793.
/workdir/train_spike.py:21: FutureWarning: suggest_uniform has been deprecated in v3.0.0. This feature will be removed in v6.0.0. See https://github.com/optuna/optuna/releases/tag/v3.0.0. Use :func:`~optuna.trial.Trial.suggest_float` instead.
  'learning_rate': trial.suggest_uniform('learning_rate', 0.01, 0.1),
/workdir/train_spike.py:23: FutureWarning: suggest_loguniform has been deprecated in v3.0.0. This feature will be removed in v6.0.0. See https://github.com/optuna/optuna/releases/tag/v3.0.0. Use :func:`~optuna.trial.Trial.suggest_float` instead.
  'min_child_weight': trial.suggest_loguniform('min_child_weight', 1e-4, 1e2),
/workdir/train_spike.py:24: FutureWarning: suggest_uniform has been deprecated in v3.0.0. This feature will be removed in v6.0.0. See https://github.com/optuna/optuna/releases/tag/v3.0.0. Use :func:`~optuna.trial.Trial.suggest_float` instead.
  'subsample': trial.suggest_uniform('subsample', 0.5, 1),
/workdir/train_spike.py:25: FutureWarning: suggest_uniform has been deprecated in v3.0.0. This feature will be removed in v6.0.0. See https://github.com/optuna/optuna/releases/tag/v3.0.0. Use :func:`~optuna.trial.Trial.suggest_float` instead.
  'colsample_bytree': trial.suggest_uniform('colsample_bytree', 0.1, 1),
/workdir/train_spike.py:26: FutureWarning: suggest_loguniform has been deprecated in v3.0.0. This feature will be removed in v6.0.0. See https://github.com/optuna/optuna/releases/tag/v3.0.0. Use :func:`~optuna.trial.Trial.suggest_float` instead.
  'alpha': trial.suggest_loguniform('alpha', 1e-4, 1e2),
/workdir/train_spike.py:27: FutureWarning: suggest_loguniform has been deprecated in v3.0.0. This feature will be removed in v6.0.0. See https://github.com/optuna/optuna/releases/tag/v3.0.0. Use :func:`~optuna.trial.Trial.suggest_float` instead.
  'lambda': trial.suggest_loguniform('lambda', 1e-4, 1e2),
[I 2024-04-30 00:08:13,353] Trial 63 finished with value: 0.052876055078165896 and parameters: {'learning_rate': 0.07182652920530212, 'max_depth': 27, 'min_child_weight': 0.20893302502362754, 'subsample': 0.5054545928562469, 'colsample_bytree': 0.8235929499849952, 'alpha': 0.06188460927580559, 'lambda': 0.03384595252539636}. Best is trial 21 with value: 0.024686599402188793.
/workdir/train_spike.py:21: FutureWarning: suggest_uniform has been deprecated in v3.0.0. This feature will be removed in v6.0.0. See https://github.com/optuna/optuna/releases/tag/v3.0.0. Use :func:`~optuna.trial.Trial.suggest_float` instead.
  'learning_rate': trial.suggest_uniform('learning_rate', 0.01, 0.1),
/workdir/train_spike.py:23: FutureWarning: suggest_loguniform has been deprecated in v3.0.0. This feature will be removed in v6.0.0. See https://github.com/optuna/optuna/releases/tag/v3.0.0. Use :func:`~optuna.trial.Trial.suggest_float` instead.
  'min_child_weight': trial.suggest_loguniform('min_child_weight', 1e-4, 1e2),
/workdir/train_spike.py:24: FutureWarning: suggest_uniform has been deprecated in v3.0.0. This feature will be removed in v6.0.0. See https://github.com/optuna/optuna/releases/tag/v3.0.0. Use :func:`~optuna.trial.Trial.suggest_float` instead.
  'subsample': trial.suggest_uniform('subsample', 0.5, 1),
/workdir/train_spike.py:25: FutureWarning: suggest_uniform has been deprecated in v3.0.0. This feature will be removed in v6.0.0. See https://github.com/optuna/optuna/releases/tag/v3.0.0. Use :func:`~optuna.trial.Trial.suggest_float` instead.
  'colsample_bytree': trial.suggest_uniform('colsample_bytree', 0.1, 1),
/workdir/train_spike.py:26: FutureWarning: suggest_loguniform has been deprecated in v3.0.0. This feature will be removed in v6.0.0. See https://github.com/optuna/optuna/releases/tag/v3.0.0. Use :func:`~optuna.trial.Trial.suggest_float` instead.
  'alpha': trial.suggest_loguniform('alpha', 1e-4, 1e2),
/workdir/train_spike.py:27: FutureWarning: suggest_loguniform has been deprecated in v3.0.0. This feature will be removed in v6.0.0. See https://github.com/optuna/optuna/releases/tag/v3.0.0. Use :func:`~optuna.trial.Trial.suggest_float` instead.
  'lambda': trial.suggest_loguniform('lambda', 1e-4, 1e2),
[I 2024-04-30 00:08:13,786] Trial 64 finished with value: 0.053131612971464584 and parameters: {'learning_rate': 0.06631636830974817, 'max_depth': 28, 'min_child_weight': 26.156713289980186, 'subsample': 0.5904869510959708, 'colsample_bytree': 0.7653567616354248, 'alpha': 0.14914045142265372, 'lambda': 0.01076225719631777}. Best is trial 21 with value: 0.024686599402188793.
/workdir/train_spike.py:21: FutureWarning: suggest_uniform has been deprecated in v3.0.0. This feature will be removed in v6.0.0. See https://github.com/optuna/optuna/releases/tag/v3.0.0. Use :func:`~optuna.trial.Trial.suggest_float` instead.
  'learning_rate': trial.suggest_uniform('learning_rate', 0.01, 0.1),
/workdir/train_spike.py:23: FutureWarning: suggest_loguniform has been deprecated in v3.0.0. This feature will be removed in v6.0.0. See https://github.com/optuna/optuna/releases/tag/v3.0.0. Use :func:`~optuna.trial.Trial.suggest_float` instead.
  'min_child_weight': trial.suggest_loguniform('min_child_weight', 1e-4, 1e2),
/workdir/train_spike.py:24: FutureWarning: suggest_uniform has been deprecated in v3.0.0. This feature will be removed in v6.0.0. See https://github.com/optuna/optuna/releases/tag/v3.0.0. Use :func:`~optuna.trial.Trial.suggest_float` instead.
  'subsample': trial.suggest_uniform('subsample', 0.5, 1),
/workdir/train_spike.py:25: FutureWarning: suggest_uniform has been deprecated in v3.0.0. This feature will be removed in v6.0.0. See https://github.com/optuna/optuna/releases/tag/v3.0.0. Use :func:`~optuna.trial.Trial.suggest_float` instead.
  'colsample_bytree': trial.suggest_uniform('colsample_bytree', 0.1, 1),
/workdir/train_spike.py:26: FutureWarning: suggest_loguniform has been deprecated in v3.0.0. This feature will be removed in v6.0.0. See https://github.com/optuna/optuna/releases/tag/v3.0.0. Use :func:`~optuna.trial.Trial.suggest_float` instead.
  'alpha': trial.suggest_loguniform('alpha', 1e-4, 1e2),
/workdir/train_spike.py:27: FutureWarning: suggest_loguniform has been deprecated in v3.0.0. This feature will be removed in v6.0.0. See https://github.com/optuna/optuna/releases/tag/v3.0.0. Use :func:`~optuna.trial.Trial.suggest_float` instead.
  'lambda': trial.suggest_loguniform('lambda', 1e-4, 1e2),
[I 2024-04-30 00:08:14,563] Trial 65 finished with value: 0.058105357949121916 and parameters: {'learning_rate': 0.05476977699781846, 'max_depth': 24, 'min_child_weight': 4.001205848721188, 'subsample': 0.5376686590941306, 'colsample_bytree': 0.6732723900078624, 'alpha': 0.015581760538586238, 'lambda': 0.004625239508034683}. Best is trial 21 with value: 0.024686599402188793.
/workdir/train_spike.py:21: FutureWarning: suggest_uniform has been deprecated in v3.0.0. This feature will be removed in v6.0.0. See https://github.com/optuna/optuna/releases/tag/v3.0.0. Use :func:`~optuna.trial.Trial.suggest_float` instead.
  'learning_rate': trial.suggest_uniform('learning_rate', 0.01, 0.1),
/workdir/train_spike.py:23: FutureWarning: suggest_loguniform has been deprecated in v3.0.0. This feature will be removed in v6.0.0. See https://github.com/optuna/optuna/releases/tag/v3.0.0. Use :func:`~optuna.trial.Trial.suggest_float` instead.
  'min_child_weight': trial.suggest_loguniform('min_child_weight', 1e-4, 1e2),
/workdir/train_spike.py:24: FutureWarning: suggest_uniform has been deprecated in v3.0.0. This feature will be removed in v6.0.0. See https://github.com/optuna/optuna/releases/tag/v3.0.0. Use :func:`~optuna.trial.Trial.suggest_float` instead.
  'subsample': trial.suggest_uniform('subsample', 0.5, 1),
/workdir/train_spike.py:25: FutureWarning: suggest_uniform has been deprecated in v3.0.0. This feature will be removed in v6.0.0. See https://github.com/optuna/optuna/releases/tag/v3.0.0. Use :func:`~optuna.trial.Trial.suggest_float` instead.
  'colsample_bytree': trial.suggest_uniform('colsample_bytree', 0.1, 1),
/workdir/train_spike.py:26: FutureWarning: suggest_loguniform has been deprecated in v3.0.0. This feature will be removed in v6.0.0. See https://github.com/optuna/optuna/releases/tag/v3.0.0. Use :func:`~optuna.trial.Trial.suggest_float` instead.
  'alpha': trial.suggest_loguniform('alpha', 1e-4, 1e2),
/workdir/train_spike.py:27: FutureWarning: suggest_loguniform has been deprecated in v3.0.0. This feature will be removed in v6.0.0. See https://github.com/optuna/optuna/releases/tag/v3.0.0. Use :func:`~optuna.trial.Trial.suggest_float` instead.
  'lambda': trial.suggest_loguniform('lambda', 1e-4, 1e2),
[I 2024-04-30 00:08:15,074] Trial 66 finished with value: 0.04506079885847006 and parameters: {'learning_rate': 0.0752875159793927, 'max_depth': 30, 'min_child_weight': 8.126371803554814, 'subsample': 0.5640456021383459, 'colsample_bytree': 0.972928566329349, 'alpha': 1.1617776232063284, 'lambda': 0.7456213142081818}. Best is trial 21 with value: 0.024686599402188793.
/workdir/train_spike.py:21: FutureWarning: suggest_uniform has been deprecated in v3.0.0. This feature will be removed in v6.0.0. See https://github.com/optuna/optuna/releases/tag/v3.0.0. Use :func:`~optuna.trial.Trial.suggest_float` instead.
  'learning_rate': trial.suggest_uniform('learning_rate', 0.01, 0.1),
/workdir/train_spike.py:23: FutureWarning: suggest_loguniform has been deprecated in v3.0.0. This feature will be removed in v6.0.0. See https://github.com/optuna/optuna/releases/tag/v3.0.0. Use :func:`~optuna.trial.Trial.suggest_float` instead.
  'min_child_weight': trial.suggest_loguniform('min_child_weight', 1e-4, 1e2),
/workdir/train_spike.py:24: FutureWarning: suggest_uniform has been deprecated in v3.0.0. This feature will be removed in v6.0.0. See https://github.com/optuna/optuna/releases/tag/v3.0.0. Use :func:`~optuna.trial.Trial.suggest_float` instead.
  'subsample': trial.suggest_uniform('subsample', 0.5, 1),
/workdir/train_spike.py:25: FutureWarning: suggest_uniform has been deprecated in v3.0.0. This feature will be removed in v6.0.0. See https://github.com/optuna/optuna/releases/tag/v3.0.0. Use :func:`~optuna.trial.Trial.suggest_float` instead.
  'colsample_bytree': trial.suggest_uniform('colsample_bytree', 0.1, 1),
/workdir/train_spike.py:26: FutureWarning: suggest_loguniform has been deprecated in v3.0.0. This feature will be removed in v6.0.0. See https://github.com/optuna/optuna/releases/tag/v3.0.0. Use :func:`~optuna.trial.Trial.suggest_float` instead.
  'alpha': trial.suggest_loguniform('alpha', 1e-4, 1e2),
/workdir/train_spike.py:27: FutureWarning: suggest_loguniform has been deprecated in v3.0.0. This feature will be removed in v6.0.0. See https://github.com/optuna/optuna/releases/tag/v3.0.0. Use :func:`~optuna.trial.Trial.suggest_float` instead.
  'lambda': trial.suggest_loguniform('lambda', 1e-4, 1e2),
[I 2024-04-30 00:08:15,290] Trial 67 finished with value: 0.07248657527817502 and parameters: {'learning_rate': 0.08502813174221159, 'max_depth': 3, 'min_child_weight': 1.5752174954438258, 'subsample': 0.5786532341170628, 'colsample_bytree': 0.556715831983434, 'alpha': 0.44968718118494416, 'lambda': 0.01756544157383579}. Best is trial 21 with value: 0.024686599402188793.
/workdir/train_spike.py:21: FutureWarning: suggest_uniform has been deprecated in v3.0.0. This feature will be removed in v6.0.0. See https://github.com/optuna/optuna/releases/tag/v3.0.0. Use :func:`~optuna.trial.Trial.suggest_float` instead.
  'learning_rate': trial.suggest_uniform('learning_rate', 0.01, 0.1),
/workdir/train_spike.py:23: FutureWarning: suggest_loguniform has been deprecated in v3.0.0. This feature will be removed in v6.0.0. See https://github.com/optuna/optuna/releases/tag/v3.0.0. Use :func:`~optuna.trial.Trial.suggest_float` instead.
  'min_child_weight': trial.suggest_loguniform('min_child_weight', 1e-4, 1e2),
/workdir/train_spike.py:24: FutureWarning: suggest_uniform has been deprecated in v3.0.0. This feature will be removed in v6.0.0. See https://github.com/optuna/optuna/releases/tag/v3.0.0. Use :func:`~optuna.trial.Trial.suggest_float` instead.
  'subsample': trial.suggest_uniform('subsample', 0.5, 1),
/workdir/train_spike.py:25: FutureWarning: suggest_uniform has been deprecated in v3.0.0. This feature will be removed in v6.0.0. See https://github.com/optuna/optuna/releases/tag/v3.0.0. Use :func:`~optuna.trial.Trial.suggest_float` instead.
  'colsample_bytree': trial.suggest_uniform('colsample_bytree', 0.1, 1),
/workdir/train_spike.py:26: FutureWarning: suggest_loguniform has been deprecated in v3.0.0. This feature will be removed in v6.0.0. See https://github.com/optuna/optuna/releases/tag/v3.0.0. Use :func:`~optuna.trial.Trial.suggest_float` instead.
  'alpha': trial.suggest_loguniform('alpha', 1e-4, 1e2),
/workdir/train_spike.py:27: FutureWarning: suggest_loguniform has been deprecated in v3.0.0. This feature will be removed in v6.0.0. See https://github.com/optuna/optuna/releases/tag/v3.0.0. Use :func:`~optuna.trial.Trial.suggest_float` instead.
  'lambda': trial.suggest_loguniform('lambda', 1e-4, 1e2),
[I 2024-04-30 00:08:16,712] Trial 68 finished with value: 0.0651233619833897 and parameters: {'learning_rate': 0.052114647482932874, 'max_depth': 22, 'min_child_weight': 0.0009455521960885068, 'subsample': 0.6097641203951607, 'colsample_bytree': 0.35174596800636404, 'alpha': 0.03016137586440492, 'lambda': 0.00014642275897711423}. Best is trial 21 with value: 0.024686599402188793.
/workdir/train_spike.py:21: FutureWarning: suggest_uniform has been deprecated in v3.0.0. This feature will be removed in v6.0.0. See https://github.com/optuna/optuna/releases/tag/v3.0.0. Use :func:`~optuna.trial.Trial.suggest_float` instead.
  'learning_rate': trial.suggest_uniform('learning_rate', 0.01, 0.1),
/workdir/train_spike.py:23: FutureWarning: suggest_loguniform has been deprecated in v3.0.0. This feature will be removed in v6.0.0. See https://github.com/optuna/optuna/releases/tag/v3.0.0. Use :func:`~optuna.trial.Trial.suggest_float` instead.
  'min_child_weight': trial.suggest_loguniform('min_child_weight', 1e-4, 1e2),
/workdir/train_spike.py:24: FutureWarning: suggest_uniform has been deprecated in v3.0.0. This feature will be removed in v6.0.0. See https://github.com/optuna/optuna/releases/tag/v3.0.0. Use :func:`~optuna.trial.Trial.suggest_float` instead.
  'subsample': trial.suggest_uniform('subsample', 0.5, 1),
/workdir/train_spike.py:25: FutureWarning: suggest_uniform has been deprecated in v3.0.0. This feature will be removed in v6.0.0. See https://github.com/optuna/optuna/releases/tag/v3.0.0. Use :func:`~optuna.trial.Trial.suggest_float` instead.
  'colsample_bytree': trial.suggest_uniform('colsample_bytree', 0.1, 1),
/workdir/train_spike.py:26: FutureWarning: suggest_loguniform has been deprecated in v3.0.0. This feature will be removed in v6.0.0. See https://github.com/optuna/optuna/releases/tag/v3.0.0. Use :func:`~optuna.trial.Trial.suggest_float` instead.
  'alpha': trial.suggest_loguniform('alpha', 1e-4, 1e2),
/workdir/train_spike.py:27: FutureWarning: suggest_loguniform has been deprecated in v3.0.0. This feature will be removed in v6.0.0. See https://github.com/optuna/optuna/releases/tag/v3.0.0. Use :func:`~optuna.trial.Trial.suggest_float` instead.
  'lambda': trial.suggest_loguniform('lambda', 1e-4, 1e2),
[I 2024-04-30 00:08:17,109] Trial 69 finished with value: 0.054893855044285116 and parameters: {'learning_rate': 0.06658423079665635, 'max_depth': 26, 'min_child_weight': 58.59518410139308, 'subsample': 0.5463318071556418, 'colsample_bytree': 0.7315576870454488, 'alpha': 0.007777963358657131, 'lambda': 0.00017913824989862937}. Best is trial 21 with value: 0.024686599402188793.
/workdir/train_spike.py:21: FutureWarning: suggest_uniform has been deprecated in v3.0.0. This feature will be removed in v6.0.0. See https://github.com/optuna/optuna/releases/tag/v3.0.0. Use :func:`~optuna.trial.Trial.suggest_float` instead.
  'learning_rate': trial.suggest_uniform('learning_rate', 0.01, 0.1),
/workdir/train_spike.py:23: FutureWarning: suggest_loguniform has been deprecated in v3.0.0. This feature will be removed in v6.0.0. See https://github.com/optuna/optuna/releases/tag/v3.0.0. Use :func:`~optuna.trial.Trial.suggest_float` instead.
  'min_child_weight': trial.suggest_loguniform('min_child_weight', 1e-4, 1e2),
/workdir/train_spike.py:24: FutureWarning: suggest_uniform has been deprecated in v3.0.0. This feature will be removed in v6.0.0. See https://github.com/optuna/optuna/releases/tag/v3.0.0. Use :func:`~optuna.trial.Trial.suggest_float` instead.
  'subsample': trial.suggest_uniform('subsample', 0.5, 1),
/workdir/train_spike.py:25: FutureWarning: suggest_uniform has been deprecated in v3.0.0. This feature will be removed in v6.0.0. See https://github.com/optuna/optuna/releases/tag/v3.0.0. Use :func:`~optuna.trial.Trial.suggest_float` instead.
  'colsample_bytree': trial.suggest_uniform('colsample_bytree', 0.1, 1),
/workdir/train_spike.py:26: FutureWarning: suggest_loguniform has been deprecated in v3.0.0. This feature will be removed in v6.0.0. See https://github.com/optuna/optuna/releases/tag/v3.0.0. Use :func:`~optuna.trial.Trial.suggest_float` instead.
  'alpha': trial.suggest_loguniform('alpha', 1e-4, 1e2),
/workdir/train_spike.py:27: FutureWarning: suggest_loguniform has been deprecated in v3.0.0. This feature will be removed in v6.0.0. See https://github.com/optuna/optuna/releases/tag/v3.0.0. Use :func:`~optuna.trial.Trial.suggest_float` instead.
  'lambda': trial.suggest_loguniform('lambda', 1e-4, 1e2),
[I 2024-04-30 00:08:17,621] Trial 70 finished with value: 0.047346002175156804 and parameters: {'learning_rate': 0.04444286617492069, 'max_depth': 25, 'min_child_weight': 16.600624516624983, 'subsample': 0.5259563928440696, 'colsample_bytree': 0.8918927479476909, 'alpha': 0.0003065014790238792, 'lambda': 0.0004049656741890906}. Best is trial 21 with value: 0.024686599402188793.
/workdir/train_spike.py:21: FutureWarning: suggest_uniform has been deprecated in v3.0.0. This feature will be removed in v6.0.0. See https://github.com/optuna/optuna/releases/tag/v3.0.0. Use :func:`~optuna.trial.Trial.suggest_float` instead.
  'learning_rate': trial.suggest_uniform('learning_rate', 0.01, 0.1),
/workdir/train_spike.py:23: FutureWarning: suggest_loguniform has been deprecated in v3.0.0. This feature will be removed in v6.0.0. See https://github.com/optuna/optuna/releases/tag/v3.0.0. Use :func:`~optuna.trial.Trial.suggest_float` instead.
  'min_child_weight': trial.suggest_loguniform('min_child_weight', 1e-4, 1e2),
/workdir/train_spike.py:24: FutureWarning: suggest_uniform has been deprecated in v3.0.0. This feature will be removed in v6.0.0. See https://github.com/optuna/optuna/releases/tag/v3.0.0. Use :func:`~optuna.trial.Trial.suggest_float` instead.
  'subsample': trial.suggest_uniform('subsample', 0.5, 1),
/workdir/train_spike.py:25: FutureWarning: suggest_uniform has been deprecated in v3.0.0. This feature will be removed in v6.0.0. See https://github.com/optuna/optuna/releases/tag/v3.0.0. Use :func:`~optuna.trial.Trial.suggest_float` instead.
  'colsample_bytree': trial.suggest_uniform('colsample_bytree', 0.1, 1),
/workdir/train_spike.py:26: FutureWarning: suggest_loguniform has been deprecated in v3.0.0. This feature will be removed in v6.0.0. See https://github.com/optuna/optuna/releases/tag/v3.0.0. Use :func:`~optuna.trial.Trial.suggest_float` instead.
  'alpha': trial.suggest_loguniform('alpha', 1e-4, 1e2),
/workdir/train_spike.py:27: FutureWarning: suggest_loguniform has been deprecated in v3.0.0. This feature will be removed in v6.0.0. See https://github.com/optuna/optuna/releases/tag/v3.0.0. Use :func:`~optuna.trial.Trial.suggest_float` instead.
  'lambda': trial.suggest_loguniform('lambda', 1e-4, 1e2),
